

*********************************************
* Binary File Comparison Statistics Section *
*********************************************

   Flog.file                                                C:\Xing_Test_Programs\Special\many_Isolated_Nodes.inp.log
   FoutCompare.file                                         C:\Xing_Test_Programs\Special\many_Isolated_Nodes.inp.out
   Fout.file                                                C:\Xing_Test_Programs\Special\many_Isolated_Nodes.inp.out

   Fout.file Version                                        51013
   Fout.file MagicNumber                                    516114522
   Fout.file Flow units                                     0
   Fout.file Report Step                                    240
   Fout.file Nperiods                                       0
   Fout.file Starting file position of ID names             28
   Fout.file Starting file position of input data           13215
   Fout.file Starting file position of output data          29695
   Fout.file number of bytes per time period                26724
   Fout.file Number of subcatchment output variables        8
   Fout.file Number of node output variables                6
   Fout.file Number of link output variables                5
   Fout.file Number of subcatchments reported on            185
   Fout.file Number of nodes reported on                    434
   Fout.file Number of links reported on                    516
   Fout.file Number of pollutants reported on               0