 Volume in drive C is OS
 Volume Serial Number is 04E4-612B

 Directory of C:\Xing_Test_Programs\Simon

01/26/2021  11:23 AM           822,939 Exported_ICM_SWMM_Session4_40_Subs_327_Links.inp
01/26/2021  10:27 AM           321,551 Exported_ICM_SWMM_Session80_user4.inp
01/26/2021  04:23 AM           174,705 Nathan_Session79_SquareModel.inp
01/22/2019  11:50 AM            17,956 Session10_OutfallBC_65_H_Element.inp
11/18/2019  01:36 PM           693,526 Session11_Continuous_Groundwater.inp
01/28/2019  01:56 PM            45,014 Session12_WestCampusWatershed.inp
11/19/2019  04:00 AM           255,717 Session13_user5_sub_patterns.inp
01/29/2019  05:50 PM            17,120 Session14_usgs_miami.inp
11/18/2019  08:50 AM            17,114 Session15_runoff47_sw5.inp
11/19/2019  04:28 AM         3,390,319 Session16_rtk_long.inp
01/29/2019  08:18 PM            57,596 Session17_Extran_Master_Hydrology.inp
07/29/2020  09:01 AM         2,175,876 Session18_GreenvilleSnowmelt.inp
01/22/2019  01:33 PM            65,585 Session19_CN_Hydrology.inp
05/02/2020  09:03 PM            41,029 Session1_user1.inp
01/29/2019  04:32 PM            36,755 Session20_5_H&H_Elements.inp
11/18/2019  11:35 AM            35,306 Session21_Horton_Huff_Distribution.inp
01/30/2019  08:01 AM            53,255 Session22_31_Subs.inp
01/28/2019  04:12 PM           385,591 Session23_10_Subs_Continuous.inp
11/19/2019  06:56 AM            18,032 Session24_LID_SI_Units.inp
05/02/2020  10:24 PM           804,995 Session25_Greenville_6LIDControls_All_LID_Usage.inp
02/01/2019  03:25 PM           496,961 Session26_KW_No_Links_Swmm5_Runoff.inp
01/29/2019  04:25 PM            11,193 Session27_link_seepage.inp
01/30/2019  01:00 PM           197,440 Session28_One_Sub_Pump_Model.inp
01/29/2019  05:43 PM           844,999 Session29_292_Storage_Nodes_200_Subs.inp
05/02/2020  09:04 PM            84,738 Session2_user2.inp
11/19/2019  06:40 AM            21,689 Session30_LID_SUDS_MASTER_FILE.inp
01/30/2019  01:01 PM             7,747 Session31_w_wo_BC_2Subcatchments.inp
01/30/2019  01:02 PM             7,462 Session32_w_wo_SWALE_2Subcatchments.inp
11/19/2019  07:51 AM             6,762 Session33_w_wo_GR_2Subcatchments.inp
11/19/2019  07:27 AM            11,488 Session34_8_LID_Example_8_Subs.inp
01/29/2019  04:44 PM             7,824 Session35_LID_Pre_Post.inp
11/18/2019  12:25 PM         1,097,565 Session36_221_H&H_SI_Units_Elements.inp
01/30/2019  07:56 AM         5,014,171 Session37_101_H&H_Elements.inp
01/21/2019  10:13 AM         5,810,881 Session38_100_Control_Rules.inp
01/29/2019  08:20 PM           693,834 Session39_Continuous_Model__WQ.inp
05/02/2020  09:05 PM           183,843 Session3_user3.inp
01/29/2019  04:51 PM            51,704 Session40_PID extran_master_swmm34_example_SW5.inp
01/29/2019  06:53 PM             7,870 Session41_extran1_KW_Divider.inp
11/18/2019  08:23 AM             7,142 Session42_uphill_example_1.inp
01/29/2019  04:54 PM            47,423 Session43_Clocktime_Pump_Rules.inp
01/21/2019  09:03 PM            86,305 Session44_all_culverts.inp
01/29/2019  06:56 PM        11,991,236 Session45_transect.inp
01/29/2019  04:23 PM             5,006 Session46_TunnelMH.inp
01/29/2019  06:00 PM            24,968 Session47_pressure_net.inp
01/29/2019  08:24 PM             6,413 Session48_SurchargedWeirs.inp
02/01/2019  04:47 PM            86,972 Session49_sea_level_pump_model_290_H_Elements.inp
01/26/2021  11:21 AM           780,062 Session4_40_Subs_327_Links.inp
01/29/2019  01:09 PM            13,119 Session50_model_pump_setting.inp
01/29/2019  06:15 PM            13,235 Session51_Many_Flow_Splits.inp
01/29/2019  08:22 PM            14,952 Session52_looped_fm.inp
01/29/2019  06:19 PM             9,861 Session53_looped_example_1.inp
01/30/2019  01:51 AM            15,958 Session54_longFM.inp
01/29/2019  08:39 PM            21,480 Session55_leaping_weir_2nd.inp
01/30/2019  06:51 AM           497,099 Session56_KW_No_Links_Swmm5_Runoff.inp
01/21/2019  01:53 PM             4,790 Session57_Storage_test_model.inp
01/29/2019  05:48 PM           720,618 Session58_Interceptor.inp
01/30/2019  07:53 AM             8,415 Session59_FORCE2.inp
11/18/2019  04:40 AM            19,144 Session5_PhantomStorage.inp
02/01/2019  03:00 PM           979,337 Session60_froude_dampen.inp
01/29/2019  05:59 PM            44,896 Session61_Cycling_pumps.inp
11/18/2019  01:35 PM            48,743 Session61_InflowOrificeRule.inp
01/29/2019  08:25 PM            10,074 Session62_ALLWEIR.inp
01/29/2019  08:25 PM            10,062 Session63_ALLORF.inp
01/30/2019  06:50 AM             8,248 Session64_custom_shapes.inp
11/19/2019  10:49 AM             8,287 Session65_ALL_Outfall_Types.inp
11/18/2019  11:51 AM            15,846 Session66_InfoSewer_ICM.inp
06/08/2021  09:39 AM             6,881 Session67_EPANET_SWMM Hazen Williams comparison.inp
01/29/2019  08:40 PM           560,258 Session68_46_pumps.inp
01/29/2019  06:21 PM            24,939 Session69_2_Weirs_4Subs.inp
01/25/2021  06:17 PM           108,119 Session6_singapore.inp
04/24/2021  08:16 AM           669,314 Session70_usgs_5_pollutants.inp
01/30/2019  01:00 PM            16,168 Session71_epaswmm5_tutorial.inp
01/28/2019  05:07 PM            16,154 Session72_CS_epaswmm5_tutorial.inp
04/28/2020  03:54 PM           104,023 Session73_527_H_Elements.inp
04/28/2020  03:57 PM           121,506 Session74_449_H_Elements.inp
04/28/2020  04:01 PM           210,397 Session75_InfoSWMM_Chapter7_780_SI_Units_Elements.inp
04/28/2020  07:08 PM         4,855,278 Session76_tunnels.inp
04/29/2020  06:08 PM           101,271 Session77_myStorm_ALL.inp
04/29/2020  06:09 PM             5,027 Session78_Storage units vs junctions for surcharged conduits.inp
01/26/2021  04:14 AM           174,585 Session79_SquareModel.inp
02/02/2019  06:07 PM             7,189 Session7_siphon_larger_SW5.inp
01/26/2021  10:25 AM           300,986 Session80_user4.inp
01/30/2019  08:29 AM             7,289 Session81_small_pump_fm_model.inp
01/29/2019  04:42 PM            25,874 Session8_Yarra8.inp
01/29/2019  05:57 PM           307,954 Session9_SI_PUMP_MID.inp
              85 File(s)     47,111,055 bytes
               0 Dir(s)  70,968,356,864 bytes free
