
  ---------------------------------------------------------------------
    Innovyze Storm Water Management Model
  ---------------------------------------------------------------------

  ---------------------------------------------------------------------

  Version                        = 0.2.17.0
  Platform                       = 64-bit (x64)
  Build date                     = 28/11/2019
  Copyright                      = Copyright (c) 2019 Innovyze
  Computer name                  = REMOL9CTW0N2
  Architecture                   = 64-bit
  CPU Type                       = Intel(R) Xeon(R) CPU E3-1535M v6 @ 3.10GHz
  Number of Cores                = 8
  RAM (GB)                       = 32
  ---------------------------------------------------------------------

  Error 209 : undefined object *
at line 52 of [SUBCATCHMENT] section:
  021.002.001.001.001 *                7650             1747     25       100      0.5      0                        

  Error 209 : undefined object *
at line 53 of [SUBCATCHMENT] section:
  021.002.001.001.002 *                7652             1187     25       100      0.5      0                        

  Error 209 : undefined object *
at line 54 of [SUBCATCHMENT] section:
  021.002.001.001.003 *                7653             939      25       100      0.5      0                        

  Error 209 : undefined object *
at line 55 of [SUBCATCHMENT] section:
  021.002.001.001.004 *                7655             2489     25       100      0.5      0                        

  Error 209 : undefined object *
at line 56 of [SUBCATCHMENT] section:
  021.002.001.001.005 *                7710             1550     25       100      0.5      0                        

  Error 209 : undefined object *
at line 57 of [SUBCATCHMENT] section:
  021.002.001.001.006 *                7654             596      25       100      0.5      0                        

  Error 209 : undefined object *
at line 58 of [SUBCATCHMENT] section:
  021.002.001.001.007 *                7649             1028     25       100      0.5      0                        

  Error 209 : undefined object *
at line 59 of [SUBCATCHMENT] section:
  021.002.001.001.008 *                7709             1001     25       100      0.5      0                        

  Error 209 : undefined object *
at line 60 of [SUBCATCHMENT] section:
  021.002.001.001.009 *                7628             700      25       100      0.5      0                        

  Error 209 : undefined object *
at line 61 of [SUBCATCHMENT] section:
  021.002.001.001.010 *                7660             348      25       100      0.5      0                        

  Error 209 : undefined object *
at line 62 of [SUBCATCHMENT] section:
  021.002.001.001.011 *                7817             792      25       100      0.5      0                        

  Error 209 : undefined object *
at line 63 of [SUBCATCHMENT] section:
  021.002.001.001.012 *                7818             1152     25       100      0.5      0                        

  Error 209 : undefined object *
at line 64 of [SUBCATCHMENT] section:
  021.002.001.001.013 *                7800             1088     25       100      0.5      0                        

  Error 209 : undefined object *
at line 65 of [SUBCATCHMENT] section:
  021.002.001.001.014 *                7801             1385     25       100      0.5      0                        

  Error 209 : undefined object *
at line 66 of [SUBCATCHMENT] section:
  021.002.001.001.015 *                7806             921      25       100      0.5      0                        

  Error 209 : undefined object *
at line 67 of [SUBCATCHMENT] section:
  021.002.001.001.016 *                7805             801      25       100      0.5      0                        

  Error 209 : undefined object *
at line 68 of [SUBCATCHMENT] section:
  021.002.001.001.017 *                7804             804      25       100      0.5      0                        

  Error 209 : undefined object *
at line 69 of [SUBCATCHMENT] section:
  021.002.001.001.018 *                7631             1201     25       100      0.5      0                        

  Error 209 : undefined object *
at line 70 of [SUBCATCHMENT] section:
  021.002.001.001.019 *                7629             739      25       100      0.5      0                        

  Error 209 : undefined object *
at line 71 of [SUBCATCHMENT] section:
  021.002.001.001.020 *                7632             1377     25       100      0.5      0                        

  Error 209 : undefined object *
at line 72 of [SUBCATCHMENT] section:
  021.002.001.001.021 *                7670             1143     25       100      0.5      0                        

  Error 209 : undefined object *
at line 73 of [SUBCATCHMENT] section:
  021.002.001.001.022 *                7463             1856     25       100      0.5      0                        

  Error 209 : undefined object *
at line 74 of [SUBCATCHMENT] section:
  021.002.001.001.023 *                7462             2923     25       100      0.5      0                        

  Error 209 : undefined object *
at line 75 of [SUBCATCHMENT] section:
  021.002.001.001.024 *                7458             3030     25       100      0.5      0                        

  Error 209 : undefined object *
at line 76 of [SUBCATCHMENT] section:
  021.002.001.001.025 *                7664             613      25       100      0.5      0                        

  Error 209 : undefined object *
at line 77 of [SUBCATCHMENT] section:
  021.002.001.001.026 *                7659             687      25       100      0.5      0                        

  Error 209 : undefined object *
at line 78 of [SUBCATCHMENT] section:
  021.002.001.001.027 *                7647             780      25       100      0.5      0                        

  Error 209 : undefined object *
at line 79 of [SUBCATCHMENT] section:
  021.002.001.001.028 *                7657             614      25       100      0.5      0                        

  Error 209 : undefined object *
at line 80 of [SUBCATCHMENT] section:
  021.002.001.001.029 *                7656             1491     25       100      0.5      0                        

  Error 209 : undefined object *
at line 81 of [SUBCATCHMENT] section:
  021.002.001.001.030 *                7673             705      25       100      0.5      0                        

  Error 209 : undefined object *
at line 82 of [SUBCATCHMENT] section:
  021.002.001.001.031 *                7672             1277     25       100      0.5      0                        

  Error 209 : undefined object *
at line 83 of [SUBCATCHMENT] section:
  021.002.001.001.032 *                7898             268      25       100      0.5      0                        

  Error 209 : undefined object *
at line 84 of [SUBCATCHMENT] section:
  021.002.001.001.033 *                18112            757      25       100      0.5      0                        

  Error 209 : undefined object *
at line 85 of [SUBCATCHMENT] section:
  021.002.001.001.034 *                7913             2403     25       100      0.5      0                        

  Error 209 : undefined object *
at line 86 of [SUBCATCHMENT] section:
  021.002.001.001.035 *                7754             567      25       100      0.5      0                        

  Error 209 : undefined object *
at line 87 of [SUBCATCHMENT] section:
  021.002.001.001.036 *                7732             732      25       100      0.5      0                        

  Error 209 : undefined object *
at line 88 of [SUBCATCHMENT] section:
  021.002.001.001.037 *                7748             1044     25       100      0.5      0                        

  Error 209 : undefined object *
at line 89 of [SUBCATCHMENT] section:
  021.002.001.001.038 *                7728             811      25       100      0.5      0                        

  Error 209 : undefined object *
at line 90 of [SUBCATCHMENT] section:
  021.002.001.001.039 *                7747             609      25       100      0.5      0                        

  Error 209 : undefined object *
at line 91 of [SUBCATCHMENT] section:
  021.002.001.001.040 *                7762             2476     25       100      0.5      0                        

  Error 209 : undefined object *
at line 92 of [SUBCATCHMENT] section:
  021.002.001.001.041 *                7763             2219     25       100      0.5      0                        

  Error 209 : undefined object *
at line 93 of [SUBCATCHMENT] section:
  021.002.001.001.042 *                18111            3042     25       100      0.5      0                        

  Error 209 : undefined object *
at line 94 of [SUBCATCHMENT] section:
  021.002.001.001.043 *                7755             805      25       100      0.5      0                        

  Error 209 : undefined object *
at line 95 of [SUBCATCHMENT] section:
  021.002.001.001.044 *                7874             1493     25       100      0.5      0                        

  Error 209 : undefined object *
at line 96 of [SUBCATCHMENT] section:
  021.002.001.001.045 *                7912             1480     25       100      0.5      0                        

  Error 209 : undefined object *
at line 97 of [SUBCATCHMENT] section:
  021.002.001.001.046 *                7869             1449     25       100      0.5      0                        

  Error 209 : undefined object *
at line 98 of [SUBCATCHMENT] section:
  021.002.001.001.047 *                7870             1287     25       100      0.5      0                        

  Error 209 : undefined object *
at line 99 of [SUBCATCHMENT] section:
  021.002.001.001.048 *                7881             712      25       100      0.5      0                        

  Error 209 : undefined object *
at line 100 of [SUBCATCHMENT] section:
  021.002.001.001.049 *                7880             230      25       100      0.5      0                        

  Error 209 : undefined object *
at line 101 of [SUBCATCHMENT] section:
  021.002.001.001.050 *                7899             1090     25       100      0.5      0                        

  Error 209 : undefined object *
at line 102 of [SUBCATCHMENT] section:
  021.002.001.001.051 *                18109            107      25       100      0.5      0                        

  Error 209 : undefined object *
at line 103 of [SUBCATCHMENT] section:
  021.002.001.001.052 *                7900             1076     25       100      0.5      0                        

  Error 209 : undefined object *
at line 104 of [SUBCATCHMENT] section:
  021.002.001.001.053 *                7891             2781     25       100      0.5      0                        

  Error 209 : undefined object *
at line 105 of [SUBCATCHMENT] section:
  021.002.001.001.054 *                7915             1922     25       100      0.5      0                        

  Error 209 : undefined object *
at line 106 of [SUBCATCHMENT] section:
  021.002.001.001.055 *                7927             1071     25       100      0.5      0                        

  Error 209 : undefined object *
at line 107 of [SUBCATCHMENT] section:
  021.002.001.001.056 *                7836             699      25       100      0.5      0                        

  Error 209 : undefined object *
at line 108 of [SUBCATCHMENT] section:
  021.002.001.001.057 *                7717             524      25       100      0.5      0                        

  Error 209 : undefined object *
at line 109 of [SUBCATCHMENT] section:
  021.002.001.001.059 *                8086             1226     25       100      0.5      0                        

  Error 209 : undefined object *
at line 110 of [SUBCATCHMENT] section:
  021.002.001.001.060 *                8085             824      25       100      0.5      0                        

  Error 209 : undefined object *
at line 111 of [SUBCATCHMENT] section:
  021.002.001.001.061 *                8046             1110     25       100      0.5      0                        

  Error 209 : undefined object *
at line 112 of [SUBCATCHMENT] section:
  021.002.001.001.062 *                8045             5585     25       100      0.5      0                        

  Error 209 : undefined object *
at line 113 of [SUBCATCHMENT] section:
  021.002.001.001.063 *                8044             859      25       100      0.5      0                        

  Error 209 : undefined object *
at line 114 of [SUBCATCHMENT] section:
  021.002.001.001.064 *                8021             5802     25       100      0.5      0                        

  Error 209 : undefined object *
at line 115 of [SUBCATCHMENT] section:
  021.002.001.001.065 *                7985             290      25       100      0.5      0                        

  Error 209 : undefined object *
at line 116 of [SUBCATCHMENT] section:
  021.002.001.001.066 *                7984             3754     25       100      0.5      0                        

  Error 209 : undefined object *
at line 117 of [SUBCATCHMENT] section:
  021.002.001.001.067 *                7843             1498     25       100      0.5      0                        

  Error 209 : undefined object *
at line 118 of [SUBCATCHMENT] section:
  021.002.001.001.068 *                8012             278      25       100      0.5      0                        

  Error 209 : undefined object *
at line 119 of [SUBCATCHMENT] section:
  021.002.001.001.069 *                7749             627      25       100      0.5      0                        

  Error 209 : undefined object *
at line 120 of [SUBCATCHMENT] section:
  021.002.001.001.070 *                7744             304      25       100      0.5      0                        

  Error 209 : undefined object *
at line 121 of [SUBCATCHMENT] section:
  021.002.001.001.071 *                7771             2071     25       100      0.5      0                        

  Error 209 : undefined object *
at line 122 of [SUBCATCHMENT] section:
  021.002.001.001.072 *                7715             1492     25       100      0.5      0                        

  Error 209 : undefined object *
at line 123 of [SUBCATCHMENT] section:
  021.002.001.001.073 *                7716             2914     25       100      0.5      0                        

  Error 209 : undefined object *
at line 124 of [SUBCATCHMENT] section:
  021.002.001.001.074 *                7736             1082     25       100      0.5      0                        

  Error 209 : undefined object *
at line 125 of [SUBCATCHMENT] section:
  021.002.001.001.075 *                7737             1853     25       100      0.5      0                        

  Error 209 : undefined object *
at line 126 of [SUBCATCHMENT] section:
  021.002.001.001.076 *                7719             2504     25       100      0.5      0                        

  Error 209 : undefined object *
at line 127 of [SUBCATCHMENT] section:
  021.002.001.001.077 *                7718             610      25       100      0.5      0                        

  Error 209 : undefined object *
at line 128 of [SUBCATCHMENT] section:
  021.002.001.001.078 *                7706             1660     25       100      0.5      0                        

  Error 209 : undefined object *
at line 129 of [SUBCATCHMENT] section:
  021.002.001.001.079 *                7470             2127     25       100      0.5      0                        

  Error 209 : undefined object *
at line 130 of [SUBCATCHMENT] section:
  021.002.001.001.080 *                7983             246      25       100      0.5      0                        

  Error 209 : undefined object *
at line 131 of [SUBCATCHMENT] section:
  021.002.001.001.081 *                7889             4913     25       100      0.5      0                        

  Error 209 : undefined object *
at line 132 of [SUBCATCHMENT] section:
  021.002.001.001.082 *                7473             885      25       100      0.5      0                        

  Error 209 : undefined object *
at line 133 of [SUBCATCHMENT] section:
  021.002.001.001.083 *                7923             1801     25       100      0.5      0                        

  Error 209 : undefined object *
at line 134 of [SUBCATCHMENT] section:
  021.002.001.001.084 *                18107            560      25       100      0.5      0                        

  Error 209 : undefined object *
at line 135 of [SUBCATCHMENT] section:
  021.002.001.001.085 *                7457             1850     25       100      0.5      0                        

  Error 209 : undefined object *
at line 136 of [SUBCATCHMENT] section:
  021.002.001.001.086 *                7474             7180     25       100      0.5      0                        

  Error 209 : undefined object *
at line 137 of [SUBCATCHMENT] section:
  021.002.001.001.087 *                7461             837      25       100      0.5      0                        

  Error 209 : undefined object *
at line 138 of [SUBCATCHMENT] section:
  021.002.001.001.088 *                7902             146      25       100      0.5      0                        

  Error 209 : undefined object *
at line 139 of [SUBCATCHMENT] section:
  021.002.001.001.089 *                7850             1482     25       100      0.5      0                        

  Error 209 : undefined object *
at line 140 of [SUBCATCHMENT] section:
  021.002.001.001.090 *                7834             4102     25       100      0.5      0                        

  Error 209 : undefined object *
at line 141 of [SUBCATCHMENT] section:
  021.002.001.001.091 *                7833             3413     25       100      0.5      0                        

  Error 209 : undefined object *
at line 142 of [SUBCATCHMENT] section:
  021.002.001.001.092 *                7832             4152     25       100      0.5      0                        

  Error 209 : undefined object *
at line 143 of [SUBCATCHMENT] section:
  021.002.001.001.093 *                7789             6894     25       100      0.5      0                        

  Error 209 : undefined object *
at line 144 of [SUBCATCHMENT] section:
  021.002.001.001.094 *                8047             1318     25       100      0.5      0                        

  Error 209 : undefined object *
at line 145 of [SUBCATCHMENT] section:
  021.002.001.001.095 *                8121             3159     25       100      0.5      0                        

  Error 209 : undefined object *
at line 146 of [SUBCATCHMENT] section:
  021.002.001.001.096 *                8009             465      25       100      0.5      0                        

  Error 209 : undefined object *
at line 147 of [SUBCATCHMENT] section:
  021.002.001.001.097 *                70109            8612     25       100      0.5      0                        

  Error 209 : undefined object *
at line 148 of [SUBCATCHMENT] section:
  021.002.001.001.098 *                8112             6567     25       100      0.5      0                        

  Error 209 : undefined object *
at line 149 of [SUBCATCHMENT] section:
  021.002.001.001.099 *                8006             950      25       100      0.5      0                        

  Error 209 : undefined object *
at line 150 of [SUBCATCHMENT] section:
  021.002.001.001.100 *                8007             1457     25       100      0.5      0                        

  Error 209 : undefined object *
at line 151 of [SUBCATCHMENT] section:
  021.002.001.001.101 *                8008             1234     25       100      0.5      0                        

  
  Maximum error count exceeded.
Error 2104: invalid model data entry

  Analysis begun on:  Fri Nov 29 15:22:31 2019
  Analysis ended on:  Fri Nov 29 15:22:31 2019
  Total elapsed time: < 1 sec