
  ---------------------------------------------------------------------
    Innovyze Storm Water Management Model
  ---------------------------------------------------------------------

  ---------------------------------------------------------------------

  Version                        = 0.2.17.0
  Platform                       = 64-bit (x64)
  Build date                     = 28/11/2019
  Copyright                      = Copyright (c) 2019 Innovyze
  Computer name                  = REMOL9CTW0N2
  Architecture                   = 64-bit
  CPU Type                       = Intel(R) Xeon(R) CPU E3-1535M v6 @ 3.10GHz
  Number of Cores                = 8
  RAM (GB)                       = 32
  ---------------------------------------------------------------------

  

  **************************
    Innovyze License Check
  **************************

  License mode            : N
  License dongle settings : DongleType=6,NetworkDongleAddress=,NetworkDongleKeyID=,DemoMode=0
  License settings        : Soft local
  License serial number   : WS98760081PM
  License name            : Innovyze
  

Warning 3: negative offset -0.030 ignored for Link C_12200000_005600
Warning 3: negative offset -5.500 ignored for Link DUMMY_LINK
Warning 2: maximum depth 36.300 increased for Node J_12200000_001515
Warning 2: maximum depth 39.800 increased for Node J_12200000_001735
Warning 2: maximum depth 35.870 increased for Node J_12200000_002330
Warning 2: maximum depth 30.480 increased for Node J_12200000_002410
Warning 2: maximum depth 30.480 increased for Node J_12200000_002468
Warning 2: maximum depth 27.790 increased for Node J_12200000_002601
Warning 2: maximum depth 29.300 increased for Node J_12200000_002806
Warning 2: maximum depth 33.890 increased for Node J_12200000_003203
Warning 2: maximum depth 33.890 increased for Node J_12200000_003474
Warning 2: maximum depth 50.100 increased for Node J_12200000_003862
Warning 2: maximum depth 50.100 increased for Node J_12200000_003929
Warning 2: maximum depth 47.100 increased for Node J_12200000_004078
Warning 2: maximum depth 40.100 increased for Node J_12200000_004165
Warning 2: maximum depth 39.490 increased for Node J_12200000_004240
Warning 2: maximum depth 38.400 increased for Node J_12200000_004315
Warning 2: maximum depth 36.700 increased for Node J_12200000_004842
Warning 2: maximum depth 32.200 increased for Node J_12200000_005096
Warning 2: maximum depth 24.500 increased for Node J_12200000_005340
Warning 2: maximum depth 25.390 increased for Node J_12201000_000145
Warning 2: maximum depth 30.930 increased for Node J_12201000_000199
Warning 2: maximum depth 32.990 increased for Node J_12201000_000306
Warning 2: maximum depth 38.670 increased for Node J_12201000_000414
Warning 2: maximum depth 39.100 increased for Node J_12201000_000596
Warning 2: maximum depth 39.100 increased for Node J_12201000_000784
Warning 2: maximum depth 34.370 increased for Node J_12201000_000972
  
  *************************************************************
    NOTE: The summary statistics displayed in this report are
    based on results found at every computational time step,  
    not just on results from each reporting time step.
  *************************************************************

  ********************
    Analysis Options
  ********************

  Flow Units ............... CFS
  Process Models:
    Rainfall/Runoff ........ YES
    RDII ................... NO
    Snowmelt ............... NO
    Groundwater ............ NO
    Flow Routing ........... YES
    Ponding Allowed ........ YES
    Water Quality .......... NO
  Infiltration Method ...... CURVE_NUMBER
  Flow Routing Method ...... DYNWAVE

  Surcharge Method ......... EXTRAN
  Starting Date ............ 01/01/2017 00:00:00
  Ending Date .............. 01/03/2017 00:00:00
  Antecedent Dry Days ...... 0.0
  Report Time Step ......... 00:05:00
  Wet Time Step ............ 00:05:00
  Dry Time Step ............ 00:05:00
  Routing Time Step ........ 5.00 sec
  Variable Time Step ....... YES
  Maximum Trials ........... 8
  Head Tolerance ........... 0.005000 ft

  
  
  **************************        Volume         Depth
  Runoff Quantity Continuity     acre-feet        inches
  **************************     ---------       -------
  Total Precipitation ......         0.000         0.000
  Evaporation Loss .........         0.000         0.000
  Infiltration Loss ........         0.000         0.000
  Surface Runoff ...........         0.000         0.000
  Final Surface Storage ....         0.000         0.000
  Continuity Error (%) .....         0.000
  
  
  **************************        Volume        Volume
  Flow Routing Continuity        acre-feet      10^6 gal
  **************************     ---------     ---------
  Dry Weather Inflow .......         0.000         0.000
  Wet Weather Inflow .......         0.000         0.000
  Groundwater Inflow .......         0.000         0.000
  RDII Inflow ..............         0.000         0.000
  External Inflow ..........         1.507         0.491
  External Outflow .........         1.611         0.525
  Internal Outflow .........         0.000         0.000
  Evaporation Loss .........         0.000         0.000
  Exfiltration Loss ........         0.000         0.000
  Initial Stored Volume ....         0.135         0.044
  Final Stored Volume ......         0.077         0.025
  Continuity Error (%) .....        -2.763
  

  *****************************
    Highest Continuity Errors
  *****************************

  Node J_12200000_005493                  -1844.87%    -0.0008
  Node J_12200000_005340                    -22.63%    -0.0060
  Node J_12200000_004315                     -9.15%    -0.0033
  Node J_12200000_004078                     -6.49%    -0.0027
  Node J_12200000_005096                     -4.70%    -0.0016
  Node J_12200000_004165                     -3.13%    -0.0013
  Node J_12200000_004570                     -2.67%    -0.0010
  Node J_12200000_005255                     -2.35%    -0.0008
  Node J_12200000_004842                     -1.73%    -0.0006
  Node J_12200000_004240                     -1.21%    -0.0005
  Node J_12200000_003203                     -1.13%    -0.0017
  Node J_12200000_003929                     -1.08%    -0.0016
  Node J_12200000_003474                     -0.79%    -0.0012
  Node J_12200000_003862                     -0.67%    -0.0010
  Node J_12200000_003648                     -0.66%    -0.0010
  Node J_12200000_003803                     -0.43%    -0.0006
  Node J_12200000_002186                     -0.36%    -0.0019
  Node J_12201000_000784                      0.34%     0.0004
  Node J_12201000_000596                      0.31%     0.0003
  Node J_12200000_002948                     -0.25%    -0.0007
  Node J_12200000_002330                     -0.23%    -0.0009
  Node J_12200000_002468                     -0.21%    -0.0008
  Node J_12200000_002221                     -0.18%    -0.0010
  Node SU_12200000_005600                     0.16%     0.0000
  Node J_12200000_002806                     -0.16%    -0.0004
  Node J_12201000_001141                     -0.15%    -0.0002
  Node J_12200000_002601                     -0.15%    -0.0006
  Node J_12200000_001515                     -0.15%    -0.0008
  Node J_12201000_000145                      0.13%     0.0002
  Node J_12200000_001629                     -0.13%    -0.0007
  Node J_12201000_000306                     -0.13%    -0.0002
  Node J_12200000_002410                     -0.10%    -0.0004
  Node J_12200000_001735                     -0.10%    -0.0005
  Node J_12201000_000414                      0.08%     0.0001
  Node J_12201000_000199                      0.07%     0.0001
  Node J_12201000_000972                      0.06%     0.0001
  Node J_12200000_002545                     -0.04%    -0.0002
  Node J_12200000_001333                     -0.00%    -0.0000
                                                       -0.0337 Mgal


  
  *******************************
    Time-Step Critical Elements
  *******************************

  Link W_12200000_006050_3 (0.00%)
  Link W_12200000_006050_2 (0.00%)
  Link W_12200000_006050_1 (0.00%)
  Link W_12200000_005600_02 (0.00%)
  Link W_12200000_005600_01 (0.00%)
  Link OR_12200000_006050_4 (0.00%)
  Link OR_12200000_006050_3 (0.00%)
  Link OR_12200000_006050_2 (0.00%)
  Link OR_12200000_006050_1 (0.00%)
  Link DUMMY_LINK (0.00%)
  Link C_12201000_001141 (0.00%)
  Link C_12201000_000972 (0.00%)
  Link C_12201000_000784 (0.00%)
  Link C_12201000_000596 (0.00%)
  Link C_12201000_000414 (0.00%)
  Link C_12201000_000306_HC (0.00%)
  Link C_12201000_000306 (0.00%)
  Link C_12201000_000199 (0.00%)
  Link C_12201000_000145 (0.00%)
  Link C_12200000_006050 (0.00%)
  Link C_12200000_005600 (0.00%)
  Link C_12200000_005579 (0.00%)
  Link C_12200000_005493 (0.00%)
  Link C_12200000_005340_HC (0.00%)
  Link C_12200000_005340 (0.00%)
  Link C_12200000_005255 (0.00%)
  Link C_12200000_005096 (0.00%)
  Link C_12200000_004842 (0.00%)
  Link C_12200000_004570 (0.00%)
  Link C_12200000_004315 (0.00%)
  Link C_12200000_004240_HC (0.00%)
  Link C_12200000_004240_2 (0.00%)
  Link C_12200000_004240 (0.00%)
  Link C_12200000_004165 (0.00%)
  Link C_12200000_004078 (0.00%)
  Link C_12200000_003929 (0.00%)
  Link C_12200000_003862_HC (0.00%)
  Link C_12200000_003862_2 (0.00%)
  Link C_12200000_003862 (0.00%)
  Link C_12200000_003803 (0.00%)
  Link C_12200000_003648 (0.00%)
  Link C_12200000_003474 (0.00%)
  Link C_12200000_003203 (0.00%)
  Link C_12200000_002948 (0.00%)
  Link C_12200000_002806 (0.00%)
  Link C_12200000_002601 (0.00%)
  Link C_12200000_002545 (0.00%)
  Link C_12200000_002468_HC (0.00%)
  Link C_12200000_002468 (0.00%)
  Link C_12200000_002410 (0.00%)


  
  ************************************
    Highest Flow Instability Indexes
  ************************************

  Link C_12200000_005340 (0)
  Link C_12200000_001735 (0)
  Link C_12200000_001629 (0)
  Link C_12200000_005096 (0)
  Link C_12200000_001515 (0)
  Link DUMMY_LINK (0)
  Link C_12200000_005493 (0)
  Link C_12200000_005579 (0)
  Link C_12201000_000784 (0)
  Link C_12200000_004165 (0)
  Link C_12200000_002601 (0)
  Link C_12201000_000306 (0)
  Link C_12201000_000972 (0)
  Link C_12200000_002948 (0)
  Link C_12200000_005255 (0)
  Link C_12200000_004315 (0)
  Link C_12200000_003803 (0)
  Link C_12200000_004078 (0)
  Link C_12200000_002330 (0)
  Link C_12201000_001141 (0)
  Link C_12200000_003203 (0)
  Link C_12200000_002186 (0)
  Link C_12200000_003648 (0)
  Link C_12200000_003474 (0)
  Link W_12200000_006050_2 (0)
  Link C_12201000_000306_HC (0)
  Link OR_12200000_006050_4 (0)
  Link W_12200000_006050_3 (0)
  Link C_12201000_000145 (0)
  Link OR_12200000_006050_2 (0)
  Link C_12200000_004240_HC (0)
  Link OR_12200000_006050_3 (0)
  Link C_12200000_004240 (0)
  Link W_12200000_005600_01 (0)
  Link C_12201000_000199 (0)
  Link C_12201000_000596 (0)
  Link C_12200000_003862_HC (0)
  Link C_12200000_003862_2 (0)
  Link C_12200000_004240_2 (0)
  Link OR_12200000_006050_1 (0)
  Link W_12200000_006050_1 (0)
  Link C_12200000_005600 (0)
  Link C_12200000_003929 (0)
  Link C_12200000_004570 (0)
  Link C_12200000_002806 (0)
  Link C_12201000_000414 (0)
  Link C_12200000_002545 (0)
  Link C_12200000_002468_HC (0)
  Link W_12200000_005600_02 (0)
  Link C_12200000_004842 (0)



  *****************************
    Routing Time Step Summary
  *****************************

  Minimum Time Step           :     4.50 sec
  Average Time Step           :     5.00 sec
  Maximum Time Step           :     5.00 sec
  Percent in Steady State     :     0.00
  Average Iterations per Step :     2.00
  Percent Not Converging      :     0.00
  Total Steps                 :    34561
  Total Iterations            :    69122


  
  *******************************
    Subcatchment Runoff Summary
  *******************************

  ------------------------------------------------------------------------------------------------------------------------------
                            Total      Total      Total      Total     Imperv       Perv      Total       Total     Peak  Runoff
                           Precip      Runon       Evap      Infil     Runoff     Runoff     Runoff      Runoff   Runoff   Coeff
  Subcatchment                 in         in         in         in         in         in         in    10^6 gal      CFS
  ------------------------------------------------------------------------------------------------------------------------------
  S_12200000_002221          0.00       0.00       0.00       0.00       0.00       0.00       0.00        0.00     0.00   0.000
  S_12200000_002948          0.00       0.00       0.00       0.00       0.00       0.00       0.00        0.00     0.00   0.000
  S_12200000_003929          0.00       0.00       0.00       0.00       0.00       0.00       0.00        0.00     0.00   0.000
  S_12200000_005340          0.00       0.00       0.00       0.00       0.00       0.00       0.00        0.00     0.00   0.000
  S_12200000_005600          0.00       0.00       0.00       0.00       0.00       0.00       0.00        0.00     0.00   0.000
  S_12200000_006050          0.00       0.00       0.00       0.00       0.00       0.00       0.00        0.00     0.00   0.000
  S_12201000_000414          0.00       0.00       0.00       0.00       0.00       0.00       0.00        0.00     0.00   0.000

  

  **********************
    Node Depth Summary
  **********************

  ----------------------------------------------------------------------------------------------
                                 Average  Maximum  Maximum  Time of Max    Reported  Time of Max
                                   Depth    Depth  Run HGL   Occurrence   Max Depth   Occurrence
  Node                 Type         Feet     Feet     Feet  days hr:min        Feet  days hr:min
  ----------------------------------------------------------------------------------------------
  J_12200000_001333    JUNCTION     0.10     0.10   845.60     0  00:00      845.60     0  00:00
  J_12200000_001515    JUNCTION     0.06     0.10   849.20     0  00:02      849.20     0  00:00
  J_12200000_001629    JUNCTION     1.16     1.21   849.21     0  00:01      849.21     0  00:00
  J_12200000_001735    JUNCTION     0.26     0.32   849.22     0  00:00      849.22     0  00:00
  J_12200000_002186    JUNCTION     0.19     0.30   852.40     0  00:00      852.40     0  00:00
  J_12200000_002221    JUNCTION     0.06     0.10   852.70     0  00:00      852.70     0  00:00
  J_12200000_002330    JUNCTION     0.05     0.10   854.60     0  00:00      854.60     0  00:00
  J_12200000_002410    JUNCTION     0.07     0.12   855.92     0  00:24      855.92     0  00:00
  J_12200000_002468    JUNCTION     0.12     0.20   856.10     0  00:00      856.10     0  00:00
  J_12200000_002545    JUNCTION     0.09     0.16   856.36     0  00:20      856.36     0  00:00
  J_12200000_002601    JUNCTION     0.07     0.12   856.92     0  00:16      856.92     0  00:00
  J_12200000_002806    JUNCTION     0.06     0.16   859.46     0  00:11      859.46     0  00:00
  J_12200000_002948    JUNCTION     0.06     0.15   861.15     0  00:06      861.15     0  00:00
  J_12200000_003203    JUNCTION     0.03     0.10   866.30     0  00:00      866.30     0  00:00
  J_12200000_003474    JUNCTION     0.03     0.10   871.90     0  00:00      871.90     0  00:00
  J_12200000_003648    JUNCTION     0.04     0.11   875.61     0  00:17      875.61     0  00:00
  J_12200000_003803    JUNCTION     0.03     0.10   878.80     0  00:00      878.80     0  00:00
  J_12200000_003862    JUNCTION     0.12     0.27   879.17     0  00:14      879.17     0  00:00
  J_12200000_003929    JUNCTION     0.04     0.12   879.62     0  00:04      879.62     0  00:00
  J_12200000_004078    JUNCTION     0.01     0.10   883.10     0  00:00      883.10     0  00:00
  J_12200000_004165    JUNCTION     0.02     0.11   887.01     0  00:08      887.01     0  00:00
  J_12200000_004240    JUNCTION     0.07     0.16   889.76     0  00:04      889.76     0  00:00
  J_12200000_004315    JUNCTION     0.01     0.10   893.60     0  00:00      893.60     0  00:00
  J_12200000_004570    JUNCTION     0.01     0.04   904.04     0  00:17      904.04     0  00:00
  J_12200000_004842    JUNCTION     0.01     0.05   912.55     0  00:09      912.55     0  00:00
  J_12200000_005096    JUNCTION     0.02     0.11   920.11     0  00:02      920.11     0  00:00
  J_12200000_005255    JUNCTION     0.01     0.10   924.60     0  00:00      924.60     0  00:00
  J_12200000_005340    JUNCTION     0.02     0.50   926.00     0  00:00      926.00     0  00:00
  J_12200000_005493    JUNCTION     0.00     0.10   926.40     0  00:00      926.40     0  00:00
  J_12200000_005579    JUNCTION     0.00     0.01   927.34     0  00:00      927.34     0  00:00
  J_12200000_006050    JUNCTION     0.00     0.00   941.46     0  00:00      941.46     0  00:00
  J_12201000_000145    JUNCTION     0.04     0.04   858.64     0  00:58      858.64     0  00:00
  J_12201000_000199    JUNCTION     0.03     0.03   859.33     0  00:48      859.33     0  00:00
  J_12201000_000306    JUNCTION     0.07     0.10   863.40     0  00:00      863.40     0  00:00
  J_12201000_000414    JUNCTION     0.03     0.04   866.44     0  00:38      866.44     0  00:00
  J_12201000_000596    JUNCTION     0.03     0.04   871.64     0  00:31      871.64     0  00:00
  J_12201000_000784    JUNCTION     0.03     0.05   877.15     0  00:20      877.15     0  00:00
  J_12201000_000972    JUNCTION     0.03     0.05   882.55     0  00:07      882.55     0  00:00
  J_12201000_001141    JUNCTION     0.05     0.10   887.60     0  00:00      887.60     0  00:00
  DUMMY_OUTFALL        OUTFALL      0.00     0.00   840.00     0  00:00      840.00     0  00:00
  SU_12200000_005600   STORAGE      0.00     0.00   927.30     0  01:01      927.30     0  00:00
  SU_12200000_006050   STORAGE      0.00     0.00   941.50     0  00:00      941.50     0  00:00

  

  ***********************
    Node Inflow Summary
  ***********************

  ------------------------------------------------------------------------------------------------------
                                  Maximum  Maximum                  Lateral       Total        Flow
                                  Lateral    Total  Time of Max      Inflow      Inflow     Balance
                                   Inflow   Inflow   Occurrence      Volume      Volume       Error
  Node                 Type           CFS      CFS  days hr:min    10^6 gal    10^6 gal    10^6 gal or %
  ------------------------------------------------------------------------------------------------------
  J_12200000_001333    JUNCTION      0.00     1.03     0  00:02           0       0.525      -0.002 %
  J_12200000_001515    JUNCTION      0.00     1.54     0  00:01           0       0.524      -0.145 %
  J_12200000_001629    JUNCTION      0.00     1.52     0  00:01           0       0.523      -0.130 %
  J_12200000_001735    JUNCTION      0.00     1.07     0  00:00           0       0.523      -0.097 %
  J_12200000_002186    JUNCTION      0.00     0.98     0  00:00           0       0.521      -0.360 %
  J_12200000_002221    JUNCTION      0.09     1.00     0  00:00       0.116        0.52      -0.184 %
  J_12200000_002330    JUNCTION      0.00     0.79     0  00:26           0       0.403      -0.228 %
  J_12200000_002410    JUNCTION      0.00     0.79     0  00:53           0       0.402      -0.100 %
  J_12200000_002468    JUNCTION      0.00     0.79     0  00:20           0       0.402      -0.207 %
  J_12200000_002545    JUNCTION      0.00     0.82     0  00:16           0       0.401      -0.042 %
  J_12200000_002601    JUNCTION      0.00     0.86     0  00:12           0       0.401      -0.149 %
  J_12200000_002806    JUNCTION      0.00     0.86     0  00:07           0       0.272      -0.160 %
  J_12200000_002948    JUNCTION      0.09     1.08     0  00:00       0.116       0.271      -0.245 %
  J_12200000_003203    JUNCTION      0.00     0.83     0  00:00           0       0.153      -1.113 %
  J_12200000_003474    JUNCTION      0.00     0.77     0  00:00           0       0.152      -0.783 %
  J_12200000_003648    JUNCTION      0.00     0.93     0  00:00           0       0.151      -0.656 %
  J_12200000_003803    JUNCTION      0.00     0.65     0  00:14           0        0.15      -0.425 %
  J_12200000_003862    JUNCTION      0.00     0.72     0  00:04           0       0.149      -0.665 %
  J_12200000_003929    JUNCTION      0.08     1.12     0  00:00       0.103       0.148      -1.065 %
  J_12200000_004078    JUNCTION      0.00     0.53     0  00:08           0      0.0417      -6.098 %
  J_12200000_004165    JUNCTION      0.00     0.61     0  00:04           0      0.0404      -3.039 %
  J_12200000_004240    JUNCTION      0.00     1.16     0  00:00           0      0.0399      -1.195 %
  J_12200000_004315    JUNCTION      0.00     0.46     0  00:17           0      0.0366      -8.381 %
  J_12200000_004570    JUNCTION      0.00     0.50     0  00:11           0      0.0356      -2.597 %
  J_12200000_004842    JUNCTION      0.00     0.58     0  00:03           0       0.035      -1.703 %
  J_12200000_005096    JUNCTION      0.00     0.94     0  00:00           0      0.0334      -4.493 %
  J_12200000_005255    JUNCTION      0.00     0.44     0  00:00           0      0.0327      -2.295 %
  J_12200000_005340    JUNCTION      0.02     0.31     0  00:00      0.0259      0.0267     -18.452 %
  J_12200000_005493    JUNCTION      0.00     0.04     0  00:00           0    4.11e-05     -94.858 %
  J_12200000_005579    JUNCTION      0.00     0.00     0  00:00           0           0    -100.000 %
  J_12200000_006050    JUNCTION      0.00     0.00     0  00:00           0           0       0.000 gal
  J_12201000_000145    JUNCTION      0.00     0.11     0  00:48           0       0.129       0.133 %
  J_12201000_000199    JUNCTION      0.00     0.18     0  00:00           0       0.129       0.066 %
  J_12201000_000306    JUNCTION      0.00     0.12     0  00:38           0       0.129      -0.126 %
  J_12201000_000414    JUNCTION      0.02     0.13     0  00:33      0.0259       0.129       0.081 %
  J_12201000_000596    JUNCTION      0.00     0.11     0  00:27           0       0.103       0.310 %
  J_12201000_000784    JUNCTION      0.00     0.13     0  00:15           0       0.104       0.345 %
  J_12201000_000972    JUNCTION      0.00     0.23     0  00:00           0       0.104       0.056 %
  J_12201000_001141    JUNCTION      0.08     0.08     0  00:00       0.103       0.103      -0.152 %
  DUMMY_OUTFALL        OUTFALL       0.00     1.03     0  00:02           0       0.525       0.000 %
  SU_12200000_005600   STORAGE       0.00     0.00     0  00:00           0    2.13e-06       0.003 gal
  SU_12200000_006050   STORAGE       0.00     0.00     0  00:00           0           0       0.000 gal

  

  **************************
    Node Surcharge Summary
  **************************


  No nodes were surcharged.
  

  *************************
    Node Flooding Summary
  *************************

  No nodes were flooded.
  

  **************************
    Storage Volume Summary
  **************************

  --------------------------------------------------------------------------------------------------
                         Average     Avg  Evap Exfil       Maximum     Max    Time of Max    Maximum
                          Volume    Pcnt  Pcnt  Pcnt        Volume    Pcnt     Occurrence    Outflow
  Storage Unit          1000 ft3    Full  Loss  Loss      1000 ft3    Full    days hr:min        CFS
  --------------------------------------------------------------------------------------------------
  SU_12200000_005600       0.000    0.00   0.0   0.0         0.000       0       0  01:01       0.00
  SU_12200000_006050       0.000    0.00   0.0   0.0         0.000       0       0  00:00       0.00

  

  ***************************
    Outfall Loading Summary
  ***************************

  -----------------------------------------------------------
                         Flow       Avg       Max       Total
                         Freq      Flow      Flow      Volume
  Outfall Node           Pcnt       CFS       CFS    10^6 gal
  -----------------------------------------------------------
  DUMMY_OUTFALL        100.00      0.41      1.03       0.525
  -----------------------------------------------------------
  System               100.00      0.41      1.03       0.525

  

  *********************
    Link Flow Summary
  *********************

  --------------------------------------------------------------------------------------------------------------------------------------------------
                                     Maximum  Time of Max        Maximum  Time of Max    Max/   Maximum  Time of Max    Max/  Time of Max    Maximum
                                  |Run Flow|   Occurrence  |Output Flow|   Occurrence    Full   |Veloc|   Occurrence    Full   Occurrence  Top Width
  Link                 Type              CFS  days hr:min            CFS  days hr:min    Flow    ft/sec  days hr:min   Depth  days hr:min         ft
  --------------------------------------------------------------------------------------------------------------------------------------------------
  C_12200000_001515    CHANNEL          1.03     0  00:02           0.00     0  00:00    0.00      0.99     0  00:02    0.00     0  00:02
  C_12200000_001629    CHANNEL          1.54     0  00:01           0.00     0  00:00    0.00      0.22     0  00:01    0.02     0  00:05
  C_12200000_001735    CHANNEL          1.52     0  00:01           0.00     0  00:00    0.00      0.16     0  00:01    0.02     0  00:01
  C_12200000_002186    CONDUIT          1.07     0  00:00           0.00     0  00:00    0.00      1.74     0  00:00    0.04     0  00:00
  C_12200000_002186_HC CHANNEL          0.00     0  00:00           0.00     0  00:00    0.00      0.00     0  00:00    0.00     0  00:00
  C_12200000_002221    CHANNEL          0.98     0  00:00           0.00     0  00:00    0.00      0.34     0  00:01    0.01     0  00:00
  C_12200000_002330    CHANNEL          0.91     0  00:00           0.00     0  00:00    0.00      0.75     0  00:00    0.00     0  00:00
  C_12200000_002410    CHANNEL          0.79     0  00:26           0.00     0  00:00    0.00      0.75     0  00:26    0.00     0  00:26
  C_12200000_002468    CONDUIT          0.79     0  00:53           0.00     0  00:00    0.01      0.43     0  00:00    0.03     0  00:23
  C_12200000_002468_HC CHANNEL          0.00     0  00:00           0.00     0  00:00    0.00      0.00     0  00:00    0.00     0  00:00
  C_12200000_002545    CHANNEL          0.79     0  00:20           0.00     0  00:00    0.00      0.44     0  00:18    0.01     0  00:51
  C_12200000_002601    CHANNEL          0.82     0  00:16           0.00     0  00:00    0.00      0.59     0  00:13    0.01     0  00:18
  C_12200000_002806    CHANNEL          0.78     0  00:12           0.00     0  00:00    0.00      0.78     0  00:12    0.01     0  00:12
  C_12200000_002948    CHANNEL          0.86     0  00:07           0.00     0  00:00    0.00      0.80     0  00:07    0.01     0  00:09
  C_12200000_003203    CHANNEL          0.99     0  00:00           0.00     0  00:00    0.00      0.81     0  00:00    0.00     0  00:05
  C_12200000_003474    CHANNEL          0.83     0  00:00           0.00     0  00:00    0.00      0.82     0  00:00    0.00     0  00:00
  C_12200000_003648    CHANNEL          0.77     0  00:00           0.00     0  00:00    0.00      0.96     0  00:00    0.00     0  00:00
  C_12200000_003803    CHANNEL          0.93     0  00:00           0.00     0  00:00    0.00      0.79     0  00:00    0.00     0  00:00
  C_12200000_003862    CONDUIT          0.00     0  00:00           0.00     0  00:00    0.00      0.00     0  00:00    0.00     0  00:00
  C_12200000_003862_2  CONDUIT          0.65     0  00:14           0.00     0  00:00    0.00      1.82     0  00:14    0.05     0  00:14
  C_12200000_003862_HC CHANNEL          0.00     0  00:00           0.00     0  00:00    0.00      0.00     0  00:00    0.00     0  00:00
  C_12200000_003929    CHANNEL          0.72     0  00:04           0.00     0  00:00    0.00      0.40     0  00:02    0.00     0  00:12
  C_12200000_004078    CHANNEL          1.04     0  00:00           0.00     0  00:00    0.00      0.85     0  00:00    0.00     0  00:00
  C_12200000_004165    CHANNEL          0.53     0  00:08           0.00     0  00:00    0.00      1.13     0  00:09    0.00     0  00:00
  C_12200000_004240    CONDUIT          0.24     0  00:04           0.00     0  00:00    0.00      2.83     0  00:05    0.02     0  00:04
  C_12200000_004240_2  CONDUIT          0.37     0  00:04           0.00     0  00:00    0.00      3.03     0  00:05    0.03     0  00:04
  C_12200000_004240_HC CHANNEL          0.00     0  00:00           0.00     0  00:00    0.00      0.00     0  00:00    0.00     0  00:00
  C_12200000_004315    CHANNEL          1.16     0  00:00           0.00     0  00:00    0.00      1.25     0  00:00    0.00     0  00:03
  C_12200000_004570    CHANNEL          0.46     0  00:17           0.00     0  00:00    0.00      0.46     0  00:16    0.00     0  00:00
  C_12200000_004842    CHANNEL          0.50     0  00:11           0.00     0  00:00    0.00      0.56     0  00:11    0.00     0  00:11
  C_12200000_005096    CHANNEL          0.58     0  00:03           0.00     0  00:00    0.00      0.99     0  00:00    0.00     0  00:04
  C_12200000_005255    CHANNEL          0.94     0  00:00           0.00     0  00:00    0.00      0.93     0  00:00    0.00     0  00:00
  C_12200000_005340    CONDUIT          0.44     0  00:00           0.00     0  00:00    0.00      1.68     0  01:29    0.04     0  00:00
  C_12200000_005340_HC CHANNEL          0.00     0  00:00           0.00     0  00:00    0.00      0.00     0  00:00    0.00     0  00:00
  C_12200000_005493    CHANNEL          0.29     0  00:00           0.00     0  00:00    0.00      0.13     0  00:00    0.01     0  00:00
  C_12200000_005579    CHANNEL          0.04     0  00:00           0.00     0  00:00    0.00      0.07     0  00:00    0.00     0  00:00
  C_12200000_005600    CONDUIT          0.00     0  00:00           0.00     0  00:00    0.00      0.00     0  00:00    0.00     0  00:00
  C_12200000_006050    CONDUIT          0.00     0  00:00           0.00     0  00:00    0.00      0.00     0  00:00    0.00     0  00:00
  C_12201000_000145    CHANNEL          0.11     0  00:58           0.00     0  00:00    0.00      0.27     1  01:58    0.00     0  00:51
  C_12201000_000199    CHANNEL          0.11     0  00:48           0.00     0  00:00    0.00      0.30     0  00:03    0.00     0  00:55
  C_12201000_000306    CONDUIT          0.18     0  00:00           0.00     0  00:00    0.00      2.65     0  00:00    0.03     0  00:00
  C_12201000_000306_HC CHANNEL          0.00     0  00:00           0.00     0  00:00    0.00      0.00     0  00:00    0.00     0  00:00
  C_12201000_000414    CHANNEL          0.12     0  00:38           0.00     0  00:00    0.00      0.34     0  00:35    0.00     0  00:00
  C_12201000_000596    CHANNEL          0.11     0  00:33           0.00     0  00:00    0.00      0.49     0  00:33    0.00     0  00:34
  C_12201000_000784    CHANNEL          0.11     0  00:27           0.00     0  00:00    0.00      0.50     0  00:27    0.00     0  00:27
  C_12201000_000972    CHANNEL          0.13     0  00:15           0.00     0  00:00    0.00      0.52     0  00:15    0.00     0  00:16
  C_12201000_001141    CHANNEL          0.23     0  00:00           0.00     0  00:00    0.00      1.02     0  00:00    0.00     0  00:00
  DUMMY_LINK           DUMMY            1.03     0  00:02           0.00     0  00:00     inf
  OR_12200000_006050_1 ORIFICE          0.00     0  00:00           0.00     0  00:00                                   0.00     0  00:00
  OR_12200000_006050_2 ORIFICE          0.00     0  00:00           0.00     0  00:00                                   0.00     0  00:00
  OR_12200000_006050_3 ORIFICE          0.00     0  00:00           0.00     0  00:00                                   0.00     0  00:00
  OR_12200000_006050_4 ORIFICE          0.00     0  00:00           0.00     0  00:00                                   0.00     0  00:00
  W_12200000_005600_01 WEIR             0.00     0  00:00           0.00     0  00:00                                   0.00     0  00:00
  W_12200000_005600_02 WEIR             0.00     0  00:00           0.00     0  00:00                                   0.00     0  00:00
  W_12200000_006050_1  WEIR             0.00     0  00:00           0.00     0  00:00                                   0.00     0  00:00
  W_12200000_006050_2  WEIR             0.00     0  00:00           0.00     0  00:00                                   0.00     0  00:00
  W_12200000_006050_3  WEIR             0.00     0  00:00           0.00     0  00:00                                   0.00     0  00:00

  

  *******************************
    Flow Classification Summary
  *******************************

  -----------------------------------------------------------------------------------------------------
                      Adjusted    ---------- Fraction of Time in Flow Class ---------------------------
                       /Actual         Up    Down  Sub   Sup   Up    Down  Norm  Inlet New    New
  Conduit               Length    Dry  Dry   Dry   Crit  Crit  Crit  Crit  Ltd   Ctrl  Length Roughness
  -----------------------------------------------------------------------------------------------------
  C_12200000_001515       1.25   0.00  0.00  0.00  1.00  0.00  0.00  0.00  1.00  0.00  228.50    0.0402
  C_12200000_001629       1.65   0.00  0.00  0.00  1.00  0.00  0.00  0.00  0.00  0.00  187.83    0.0350
  C_12200000_001735       1.47   0.00  0.00  0.00  1.00  0.00  0.00  0.00  0.00  0.00  155.52    0.0371
  C_12200000_002186       1.00   0.00  0.00  0.00  1.00  0.00  0.00  0.00  1.00  0.00  451.42    0.0240
  C_12200000_002186_HC    1.00   1.00  0.00  0.00  0.00  0.00  0.00  0.00  0.00  0.00  451.42    0.0450
  C_12200000_002221       6.11   0.00  0.00  0.00  1.00  0.00  0.00  0.00  1.00  0.00  214.57    0.0222
  C_12200000_002330       2.02   0.00  0.00  0.00  1.00  0.00  0.00  0.00  1.00  0.00  220.15    0.0387
  C_12200000_002410       2.34   0.00  0.00  0.00  1.00  0.00  0.00  0.00  0.00  0.00  188.17    0.0360
  C_12200000_002468       1.28   0.00  0.00  0.00  1.00  0.00  0.00  0.00  0.00  0.00   73.76    0.0486
  C_12200000_002468_HC    2.41   1.00  0.00  0.00  0.00  0.00  0.00  0.00  0.00  0.00  139.02    0.0354
  C_12200000_002545       2.06   0.00  0.00  0.00  1.00  0.00  0.00  0.00  1.00  0.00  159.19    0.0383
  C_12200000_002601       3.19   0.00  0.00  0.00  1.00  0.00  0.00  0.00  1.00  0.00  178.11    0.0308
  C_12200000_002806       1.00   0.00  0.00  0.00  1.00  0.00  0.00  0.00  0.95  0.00  205.22    0.0550
  C_12200000_002948       1.19   0.00  0.00  0.00  1.00  0.00  0.00  0.00  0.08  0.00  168.18    0.0505
  C_12200000_003203       1.00   0.00  0.00  0.00  1.00  0.00  0.00  0.00  1.00  0.00  254.69    0.0550
  C_12200000_003474       1.00   0.00  0.00  0.00  1.00  0.00  0.00  0.00  0.00  0.00  271.12    0.0550
  C_12200000_003648       1.14   0.00  0.00  0.00  1.00  0.00  0.00  0.00  0.00  0.00  197.42    0.0516
  C_12200000_003803       1.20   0.00  0.00  0.00  1.00  0.00  0.00  0.00  1.00  0.00  185.47    0.0502
  C_12200000_003862       1.58   1.00  0.00  0.00  0.00  0.00  0.00  0.00  0.00  0.00   92.81    0.0096
  C_12200000_003862_2     1.67   0.00  0.00  0.00  0.00  0.00  0.00  1.00  0.00  0.00   98.47    0.0093
  C_12200000_003862_HC    1.93   1.00  0.00  0.00  0.00  0.00  0.00  0.00  0.00  0.00  113.68    0.0396
  C_12200000_003929       3.75   0.00  0.00  0.00  1.00  0.00  0.00  0.00  1.00  0.00  249.77    0.0284
  C_12200000_004078       1.90   0.00  0.00  0.00  1.00  0.00  0.00  0.00  1.00  0.00  283.38    0.0399
  C_12200000_004165       3.81   0.00  0.00  0.00  0.99  0.01  0.00  0.00  0.00  0.00  332.97    0.0282
  C_12200000_004240       1.95   0.00  0.00  0.00  0.00  0.00  0.00  1.00  0.00  0.00  146.17    0.0086
  C_12200000_004240_2     1.85   0.00  0.00  0.00  0.00  0.00  0.00  1.00  0.00  0.00  138.69    0.0088
  C_12200000_004240_HC    3.87   1.00  0.00  0.00  0.00  0.00  0.00  0.00  0.00  0.00  289.71    0.0279
  C_12200000_004315       4.17   0.00  0.00  0.00  1.00  0.00  0.00  0.00  1.00  0.00  310.98    0.0269
  C_12200000_004570       1.19   0.00  0.00  0.00  1.00  0.00  0.00  0.00  1.00  0.00  303.13    0.0504
  C_12200000_004842       1.03   0.00  0.00  0.00  1.00  0.00  0.00  0.00  0.04  0.00  278.85    0.0543
  C_12200000_005096       1.00   0.00  0.00  0.00  1.00  0.00  0.00  0.00  0.00  0.00  254.10    0.0550
  C_12200000_005255       1.40   0.00  0.00  0.00  1.00  0.00  0.00  0.00  1.00  0.00  222.36    0.0465
  C_12200000_005340       1.93   0.00  0.00  0.00  0.00  0.00  0.00  1.00  0.00  0.00  163.70    0.0086
  C_12200000_005340_HC    1.64   1.00  0.00  0.00  0.00  0.00  0.00  0.00  0.00  0.00  138.76    0.0430
  C_12200000_005493       1.00   0.00  0.70  0.00  0.30  0.00  0.00  0.00  1.00  0.00  153.43    0.0550
  C_12200000_005579       1.00   0.70  0.28  0.00  0.02  0.00  0.00  0.00  1.00  0.00   85.97    0.0250
  C_12200000_005600       8.41   0.00  0.98  0.00  0.02  0.00  0.00  0.00  0.99  0.00   84.10    0.0041
  C_12200000_006050       1.00   1.00  0.00  0.00  0.00  0.00  0.00  0.00  0.00  0.00  125.00    0.0120
  C_12201000_000145       1.00   0.00  0.00  0.00  1.00  0.00  0.00  0.00  1.00  0.00  145.00    0.0550
  C_12201000_000199       2.80   0.00  0.00  0.00  1.00  0.00  0.00  0.00  1.00  0.00  150.57    0.0329
  C_12201000_000306       1.12   0.00  0.00  0.00  0.00  0.00  0.00  1.00  0.00  0.00  119.15    0.0114
  C_12201000_000306_HC    1.68   1.00  0.00  0.00  0.00  0.00  0.00  0.00  0.00  0.00  179.21    0.0424
  C_12201000_000414       1.83   0.00  0.00  0.00  1.00  0.00  0.00  0.00  1.00  0.00  197.71    0.0407
  C_12201000_000596       1.12   0.00  0.00  0.00  1.00  0.00  0.00  0.00  0.99  0.00  204.42    0.0519
  C_12201000_000784       1.09   0.00  0.00  0.00  1.00  0.00  0.00  0.00  0.99  0.00  205.09    0.0527
  C_12201000_000972       1.21   0.00  0.00  0.00  1.00  0.00  0.00  0.00  0.01  0.00  227.38    0.0500
  C_12201000_001141       1.19   0.00  0.00  0.00  1.00  0.00  0.00  0.00  0.00  0.00  201.56    0.0504

  

  *****************************
    Conduit Surcharge Summary
  *****************************

  No conduits were surcharged.

  
  

  **************************
    Innovyze License Check
  **************************

  Quick license check successful


  *************************
    System Resource Usage
  *************************

  Threads available      = 8
  Threads requested      = 1
  Threads used           = 1
  Virtual memory         = 15.8 MB
  Physical memory        = 21.1 MB
  Peak physical memory*  = 31.7 MB   (*Note: not accurate for multi-inp processes)
  Total CPU time         = 0.2 s
  Elapsed clock time     = 1.6 s
  Ratio CPU/clock        = 0.1


  Analysis begun on:  Fri Nov 29 15:22:31 2019
  Analysis ended on:  Fri Nov 29 15:22:33 2019
  Total elapsed time: 00:00:02