
  ---------------------------------------------------------------------
    Innovyze Storm Water Management Model
  ---------------------------------------------------------------------

  ---------------------------------------------------------------------

  Version                        = 0.2.17.0
  Platform                       = 64-bit (x64)
  Build date                     = 28/11/2019
  Copyright                      = Copyright (c) 2019 Innovyze
  Computer name                  = REMOL9CTW0N2
  Architecture                   = 64-bit
  CPU Type                       = Intel(R) Xeon(R) CPU E3-1535M v6 @ 3.10GHz
  Number of Cores                = 8
  RAM (GB)                       = 32
  ---------------------------------------------------------------------

  Error 211 : invalid number 0.000000
at line 101 of [SUBCATCHMENT] section:
  1038             TEST-1           92-57143         0.000000 44.000000 2761.603093 0.989840 0.000000                 

  Error 211 : invalid number 0.000000
at line 122 of [SUBCATCHMENT] section:
  1057             TEST-1           92-57146         0.000000 38.000000 3049.067258 1.963695 0.000000                 

Error 2104: invalid model data entry

  Analysis begun on:  Fri Nov 29 15:47:34 2019
  Analysis ended on:  Fri Nov 29 15:47:35 2019
  Total elapsed time: 00:00:01