
  ---------------------------------------------------------------------
    Innovyze Storm Water Management Model
  ---------------------------------------------------------------------

  ---------------------------------------------------------------------

  Version                        = 0.2.17.0
  Platform                       = 64-bit (x64)
  Build date                     = 28/11/2019
  Copyright                      = Copyright (c) 2019 Innovyze
  Computer name                  = REMOL9CTW0N2
  Architecture                   = 64-bit
  CPU Type                       = Intel(R) Xeon(R) CPU E3-1535M v6 @ 3.10GHz
  Number of Cores                = 8
  RAM (GB)                       = 32
  ---------------------------------------------------------------------

  

  **************************
    Innovyze License Check
  **************************

  License mode            : N
  License dongle settings : DongleType=6,NetworkDongleAddress=,NetworkDongleKeyID=,DemoMode=0
  License settings        : Soft local
  License serial number   : WS98760081PM
  License name            : Innovyze
  

Warning 4: minimum elevation drop 0.001 used for Conduit SM122939
Warning 3: negative offset -0.540 ignored for Link SM126801
Warning 4: minimum elevation drop 0.001 used for Conduit SM126801
Warning 2: maximum depth 15.670 increased for Node HEI53
Warning 2: maximum depth 13.750 increased for Node HEI54
Warning 2: maximum depth 11.970 increased for Node HEI55
Warning 2: maximum depth 14.190 increased for Node HEI56
Warning 2: maximum depth 14.190 increased for Node HEI57
Warning 2: maximum depth 11.010 increased for Node HEI58
Warning 2: maximum depth 13.970 increased for Node HEI72
Warning 2: maximum depth 13.970 increased for Node HEI73
Warning 2: maximum depth 15.670 increased for Node RN123828
Warning 2: maximum depth 13.750 increased for Node RN127145
  Error 323 : cannot open runoff interface file D:\2018\danWeirdWeirProblem.inp.aux.ROF

Error 2204: unable to initialize routing run procedure

  Analysis begun on:  Fri Nov 29 15:51:56 2019
  Analysis ended on:  Fri Nov 29 15:51:56 2019
  Total elapsed time: < 1 sec