

*********************************************
* Binary File Comparison Statistics Section *
*********************************************

   Flog.file                                                C:\Xing_Test_Programs\Semi_Real_Models\1350_H&H_Elements.inp.log
   FoutCompare.file                                         C:\Xing_Test_Programs\Semi_Real_Models\1350_H&H_Elements.inp.out
   Fout.file                                                C:\Xing_Test_Programs\Semi_Real_Models\1350_H&H_Elements.inp.out

   Fout.file Version                                        51013
   Fout.file MagicNumber                                    516114522
   Fout.file Flow units                                     0
   Fout.file Report Step                                    60
   Fout.file Nperiods                                       0
   Fout.file Starting file position of ID names             28
   Fout.file Starting file position of input data           16249
   Fout.file Starting file position of output data          36165
   Fout.file number of bytes per time period                31908
   Fout.file Number of subcatchment output variables        8
   Fout.file Number of node output variables                6
   Fout.file Number of link output variables                5
   Fout.file Number of subcatchments reported on            208
   Fout.file Number of nodes reported on                    526
   Fout.file Number of links reported on                    628
   Fout.file Number of pollutants reported on               0