
  ---------------------------------------------------------------------
    Innovyze Storm Water Management Model
  ---------------------------------------------------------------------

  ---------------------------------------------------------------------

  Version                        = 0.2.17.0
  Platform                       = 64-bit (x64)
  Build date                     = 28/11/2019
  Copyright                      = Copyright (c) 2019 Innovyze
  Computer name                  = REMOL9CTW0N2
  Architecture                   = 64-bit
  CPU Type                       = Intel(R) Xeon(R) CPU E3-1535M v6 @ 3.10GHz
  Number of Cores                = 8
  RAM (GB)                       = 32
  ---------------------------------------------------------------------

  Error 209 : undefined object MYSUBCATCHMENT
at line 68 of [GROUNDWATER] section:
  MYSUBCATCHMENT	MONROVIA	LONGTERMDETENTION	5.000000	0.100000	1.000000	0.100000	1.000000	0.000000	1.000000	1.000000	0.000000	1.000000	0.250000

  Error 209 : undefined object MYSUBCATCHMENT
at line 71 of [GWF] section:
  MYSUBCATCHMENT  DEEP	Ksat*Hgw/Hsw

  Error 211 : invalid number 100.000000
at line 4598 of [PUMP] section:
  LS_1	LS_1	JCT-3260	*	ON	100.000000	100.000000

  Error 211 : invalid number 100.000000
at line 4599 of [PUMP] section:
  LS_10	LS_10	JCT-3818	*	ON	100.000000	100.000000

  Error 211 : invalid number 100.000000
at line 4600 of [PUMP] section:
  LS_11	LS_11	JCT-3650	*	ON	100.000000	100.000000

  Error 211 : invalid number 100.000000
at line 4601 of [PUMP] section:
  LS_12	LS_12	JCT-3640	*	ON	100.000000	100.000000

  Error 211 : invalid number 100.000000
at line 4602 of [PUMP] section:
  LS_13	LS_13	JCT-2056	*	ON	100.000000	100.000000

  Error 211 : invalid number 100.000000
at line 4603 of [PUMP] section:
  LS_14	LS_14	JCT-2202	*	ON	100.000000	100.000000

  Error 211 : invalid number 100.000000
at line 4604 of [PUMP] section:
  LS_15	LS_15	JCT-3674	*	ON	100.000000	100.000000

  Error 211 : invalid number 100.000000
at line 4605 of [PUMP] section:
  LS_16	LS_16	JCT-16	*	ON	100.000000	100.000000

  Error 211 : invalid number 100.000000
at line 4606 of [PUMP] section:
  LS_18	LS_18	JCT-3688	*	ON	100.000000	100.000000

  Error 211 : invalid number 100.000000
at line 4607 of [PUMP] section:
  LS_19	LS_19	JCT-3594	*	ON	100.000000	100.000000

  Error 211 : invalid number 100.000000
at line 4608 of [PUMP] section:
  LS_2	LS_2	JCT-98	*	ON	100.000000	100.000000

  Error 211 : invalid number 100.000000
at line 4609 of [PUMP] section:
  LS_21	LS_21	JCT-4216	*	ON	100.000000	100.000000

  Error 211 : invalid number 100.000000
at line 4610 of [PUMP] section:
  LS_22	LS_22	JCT-3516	*	ON	100.000000	100.000000

  Error 211 : invalid number 100.000000
at line 4611 of [PUMP] section:
  LS_23	LS_23	JCT-5140	*	ON	100.000000	100.000000

  Error 211 : invalid number 100.000000
at line 4612 of [PUMP] section:
  LS_25	LS_25	JCT-34	*	ON	100.000000	100.000000

  Error 211 : invalid number 100.000000
at line 4613 of [PUMP] section:
  LS_26	LS_26	JCT-2178	*	ON	100.000000	100.000000

  Error 211 : invalid number 100.000000
at line 4614 of [PUMP] section:
  LS_27	LS_27	JCT-214	*	ON	100.000000	100.000000

  Error 211 : invalid number 100.000000
at line 4615 of [PUMP] section:
  LS_4	LS_4	JCT-3352	*	ON	100.000000	100.000000

  Error 211 : invalid number 100.000000
at line 4616 of [PUMP] section:
  LS_5	LS_5	JCT-3264	*	ON	100.000000	100.000000

  Error 211 : invalid number 100.000000
at line 4617 of [PUMP] section:
  LS_7	LS_7	JCT-3538	*	ON	100.000000	100.000000

  Error 211 : invalid number 100.000000
at line 4618 of [PUMP] section:
  LS_9	LS_9	JCT-4748	*	ON	100.000000	100.000000

  Error 211 : invalid number 100.000000
at line 4619 of [PUMP] section:
  LS_MAIN_1	LS_MAIN	JCT-3848	*	ON	100.000000	100.000000

  Error 211 : invalid number 100.000000
at line 4620 of [PUMP] section:
  LS_U1	LS_U1	JCT-18	*	ON	100.000000	100.000000

  Error 211 : invalid number 100.000000
at line 4621 of [PUMP] section:
  LS_U13	LS_U13	JCT-2632	*	ON	100.000000	100.000000

  Error 211 : invalid number 100.000000
at line 4622 of [PUMP] section:
  LS_U6	LS_U6	JCT-3004	*	ON	100.000000	100.000000

  Error 211 : invalid number 100.000000
at line 4623 of [PUMP] section:
  LS_U7	LS_U7	JCT-2978	*	ON	100.000000	100.000000

  Error 211 : invalid number 100.000000
at line 4624 of [PUMP] section:
  LS_U8	LS_U8	JCT-632	*	ON	100.000000	100.000000

  Error 211 : invalid number 100.000000
at line 4625 of [PUMP] section:
  LS_U9	LS_U9	JCT-2134	*	ON	100.000000	100.000000

  Error 211 : invalid number 100.000000
at line 4627 of [PUMP] section:
  PUMP-11	STOR-10	JCT-132	*	ON	100.000000	100.000000

  Error 211 : invalid number 
at line 5619 of [XSECT] section:
  CDT-1741	CIRCULAR	0.000000	0.000000	0.000000	0.000000	1	0

  Error 211 : invalid number 
at line 5629 of [XSECT] section:
  CDT-1763	CIRCULAR	0.000000	0.000000	0.000000	0.000000	1	0

  Error 211 : invalid number 
at line 5717 of [XSECT] section:
  CDT-1953	CIRCULAR	0.000000	0.000000	0.000000	0.000000	1	0

  Error 211 : invalid number 
at line 5734 of [XSECT] section:
  CDT-1987	CIRCULAR	0.000000	0.000000	0.000000	0.000000	1	0

  Error 211 : invalid number 
at line 5795 of [XSECT] section:
  CDT-2127	CIRCULAR	0.000000	0.000000	0.000000	0.000000	1	0

  Error 211 : invalid number 
at line 5796 of [XSECT] section:
  CDT-2129	CIRCULAR	0.000000	0.000000	0.000000	0.000000	1	0

  Error 211 : invalid number 
at line 5799 of [XSECT] section:
  CDT-2135	CIRCULAR	0.000000	0.000000	0.000000	0.000000	1	0

  Error 211 : invalid number 
at line 5800 of [XSECT] section:
  CDT-2137	CIRCULAR	0.000000	0.000000	0.000000	0.000000	1	0

  Error 211 : invalid number 
at line 5859 of [XSECT] section:
  CDT-2263	CIRCULAR	0.000000	0.000000	0.000000	0.000000	1	0

  Error 211 : invalid number 
at line 5866 of [XSECT] section:
  CDT-2277	CIRCULAR	0.000000	0.000000	0.000000	0.000000	1	0

  Error 211 : invalid number 
at line 5867 of [XSECT] section:
  CDT-2279	CIRCULAR	0.000000	0.000000	0.000000	0.000000	1	0

  Error 211 : invalid number 
at line 5874 of [XSECT] section:
  CDT-2293	CIRCULAR	0.000000	0.000000	0.000000	0.000000	1	0

  Error 211 : invalid number 
at line 5875 of [XSECT] section:
  CDT-2295	CIRCULAR	0.000000	0.000000	0.000000	0.000000	1	0

  Error 211 : invalid number 
at line 5891 of [XSECT] section:
  CDT-2329	CIRCULAR	0.000000	0.000000	0.000000	0.000000	1	0

  Error 211 : invalid number 
at line 5944 of [XSECT] section:
  CDT-2445	CIRCULAR	0.000000	0.000000	0.000000	0.000000	1	0

  Error 211 : invalid number 
at line 5947 of [XSECT] section:
  CDT-2451	CIRCULAR	0.000000	0.000000	0.000000	0.000000	1	0

  Error 209 : undefined object LONGTERMDETENTION
at line 7426 of [INFLOW] section:
  LONGTERMDETENTION	FLOW	""	FLOW  1.0	1.000000	0.000000	HOURLY

  Error 209 : undefined object LONGTERMDETENTION
at line 7430 of [DWF] section:
  LONGTERMDETENTION	FLOW	1.000000	"HOURLY"	"WEEKEND"	"MONTH"	""

  Error 209 : undefined object LONGTERMDETENTION
at line 7433 of [RDII] section:
  LONGTERMDETENTION	MYRTK	100.000000

Error 2104: invalid model data entry

  Analysis begun on:  Fri Nov 29 15:59:12 2019
  Analysis ended on:  Fri Nov 29 15:59:12 2019
  Total elapsed time: < 1 sec