

*********************************************
* Binary File Comparison Statistics Section *
*********************************************

   Flog.file                                                C:\Xing_Test_Programs\Semi_Real_Models\185_H&H_Elements_SI_Units.inp.log
   FoutCompare.file                                         C:\Xing_Test_Programs\Semi_Real_Models\185_H&H_Elements_SI_Units.inp.out
   Fout.file                                                C:\Xing_Test_Programs\Semi_Real_Models\185_H&H_Elements_SI_Units.inp.out

   Fout.file Version                                        51013
   Fout.file MagicNumber                                    516114522
   Fout.file Flow units                                     3
   Fout.file Report Step                                    300
   Fout.file Nperiods                                       0
   Fout.file Starting file position of ID names             28
   Fout.file Starting file position of input data           1353
   Fout.file Starting file position of output data          3853
   Fout.file number of bytes per time period                4944
   Fout.file Number of subcatchment output variables        8
   Fout.file Number of node output variables                6
   Fout.file Number of link output variables                5
   Fout.file Number of subcatchments reported on            65
   Fout.file Number of nodes reported on                    64
   Fout.file Number of links reported on                    63
   Fout.file Number of pollutants reported on               0