

*********************************************
* Binary File Comparison Statistics Section *
*********************************************

   Flog.file                                                C:\Xing_Test_Programs\Semi_Real_Models\193_H&H_SI_Units_Elements.inp.log
   FoutCompare.file                                         C:\Xing_Test_Programs\Semi_Real_Models\193_H&H_SI_Units_Elements.inp.out
   Fout.file                                                C:\Xing_Test_Programs\Semi_Real_Models\193_H&H_SI_Units_Elements.inp.out

   Fout.file Version                                        51013
   Fout.file MagicNumber                                    516114522
   Fout.file Flow units                                     3
   Fout.file Report Step                                    900
   Fout.file Nperiods                                       0
   Fout.file Starting file position of ID names             28
   Fout.file Starting file position of input data           1402
   Fout.file Starting file position of output data          3850
   Fout.file number of bytes per time period                8048
   Fout.file Number of subcatchment output variables        12
   Fout.file Number of node output variables                10
   Fout.file Number of link output variables                9
   Fout.file Number of subcatchments reported on            72
   Fout.file Number of nodes reported on                    60
   Fout.file Number of links reported on                    59
   Fout.file Number of pollutants reported on               4