

*********************************************
* Binary File Comparison Statistics Section *
*********************************************

   Flog.file                                                C:\Xing_Test_Programs\Semi_Real_Models\1943_H&H_Elements_SI_Units.inp.log
   FoutCompare.file                                         C:\Xing_Test_Programs\Semi_Real_Models\1943_H&H_Elements_SI_Units.inp.out
   Fout.file                                                C:\Xing_Test_Programs\Semi_Real_Models\1943_H&H_Elements_SI_Units.inp.out

   Fout.file Version                                        51013
   Fout.file MagicNumber                                    516114522
   Fout.file Flow units                                     4
   Fout.file Report Step                                    300
   Fout.file Nperiods                                       0
   Fout.file Starting file position of ID names             28
   Fout.file Starting file position of input data           21172
   Fout.file Starting file position of output data          38032
   Fout.file number of bytes per time period                44608
   Fout.file Number of subcatchment output variables        9
   Fout.file Number of node output variables                7
   Fout.file Number of link output variables                6
   Fout.file Number of subcatchments reported on            592
   Fout.file Number of nodes reported on                    449
   Fout.file Number of links reported on                    444
   Fout.file Number of pollutants reported on               1