
  ---------------------------------------------------------------------
    Innovyze Storm Water Management Model
  ---------------------------------------------------------------------

  ---------------------------------------------------------------------

  Version                        = 1.0.10.0
  Platform                       = 64-bit (x64)
  Build date                     = 14/12/2019
  Copyright                      = Copyright (c) 2019 Innovyze
  Computer name                  = REMOL9CTW0N2
  Architecture                   = 64-bit
  CPU Type                       = Intel(R) Xeon(R) CPU E3-1535M v6 @ 3.10GHz
  Number of Cores                = 8
  RAM (GB)                       = 32
  ---------------------------------------------------------------------

  

  **************************
    Innovyze License Check
  **************************

  License mode            : N
  License dongle settings : DongleType=6,NetworkDongleAddress=,NetworkDongleKeyID=,DemoMode=0
  License settings        : Soft local
  License serial number   : WS98760081PM
  License name            : Innovyze
  


  *****************
    Element Count
  *****************

  Number of rain gages ...... 0
  Number of subcatchments ... 0
  Number of nodes ........... 10
  Number of links ........... 9
  Number of pollutants ...... 0
  Number of land uses ....... 0


  ****************
    Node Summary
  ****************

                                           Invert      Max.    Ponded    External
  Name                 Type                 Elev.     Depth      Area    Inflow  
  -------------------------------------------------------------------------------
  80408               JUNCTION            124.60     13.40       0.0     Yes
  80608               JUNCTION            118.30     16.70       0.0
  81009               JUNCTION            128.20      8.80       0.0     Yes
  81309               JUNCTION            117.50     12.50       0.0
  82309               JUNCTION            112.30     42.70       0.0     Yes
  10309               JUNCTION            101.60      9.40       0.0
  15009               JUNCTION            111.50     13.50       0.0
  16009               JUNCTION            102.00     18.00       0.0
  16109               JUNCTION            102.80     22.20       0.0
  10208               OUTFALL              89.90      1.00       0.0


  ****************
    Link Summary
  ****************

  Name             From Node        To Node          Type            Length    %Slope Roughness  Culvert Type
  ------------------------------------------------------------------------------------------------------------
  8040             80408            80608            CONDUIT         1800.0    0.3500    0.0150
  8060             80608            82309            CONDUIT         2075.0    0.1831    0.0150
  8100             81009            81309            CONDUIT         5100.0    0.2098    0.0150
  8130             81309            15009            CONDUIT         3500.0    0.1714    0.0150
  1030             10309            10208            CONDUIT         4500.0    0.2600    0.0160
  1570             15009            16009            CONDUIT         5000.0    0.1900    0.0154
  1600             16109            16009            CONDUIT          500.0    0.1600    0.0150
  1630             16009            10309            CONDUIT          300.0    0.1333    0.0150
  1602             82309            16109            CONDUIT         5000.0    0.1900    0.0340


  *************************
    Cross Section Summary
  *************************

                                        Full     Full     Hyd.     Max.   No. of     Full
  Conduit          Shape               Depth     Area     Rad.    Width  Barrels     Flow
  ---------------------------------------------------------------------------------------
  8040             RECT_TRIANGULAR      1.00     0.50     0.15     1.00     1        0.84
  8060             RECT_TRIANGULAR      1.00     0.50     0.15     1.00     1        0.61
  8100             RECT_TRIANGULAR      1.00     0.50     0.15     1.00     1        0.65
  8130             RECT_TRIANGULAR      1.00     0.50     0.15     1.00     1        0.59
  1030             RECT_TRIANGULAR      1.00     0.50     0.15     1.00     1        0.68
  1570             RECT_TRIANGULAR      1.00     0.50     0.15     1.00     1        0.61
  1600             RECT_TRIANGULAR      1.00     0.50     0.15     1.00     1        0.57
  1630             RECT_TRIANGULAR      1.00     0.50     0.15     1.00     1        0.52
  1602             RECT_TRIANGULAR      1.00     0.50     0.15     1.00     1        0.27


  *****************
    Shape Summary
  *****************


  Shape 0
  Area:  
              0.0004     0.0016     0.0036     0.0064     0.0100 
              0.0144     0.0196     0.0256     0.0324     0.0400 
              0.0484     0.0576     0.0676     0.0784     0.0900 
              0.1024     0.1156     0.1296     0.1444     0.1600 
              0.1764     0.1936     0.2116     0.2304     0.2500 
              0.2704     0.2916     0.3136     0.3364     0.3600 
              0.3844     0.4096     0.4356     0.4624     0.4900 
              0.5184     0.5476     0.5776     0.6084     0.6400 
              0.6724     0.7056     0.7396     0.7744     0.8100 
              0.8464     0.8836     0.9216     0.9604     1.0000 
  Hrad:  
              0.0341     0.0683     0.1024     0.1366     0.1707 
              0.2049     0.2390     0.2731     0.3073     0.3414 
              0.3756     0.4097     0.4438     0.4780     0.5121 
              0.5463     0.5804     0.6146     0.6487     0.6828 
              0.7170     0.7511     0.7853     0.8194     0.8536 
              0.8877     0.9218     0.9560     0.9901     1.0243 
              1.0584     1.0925     1.1267     1.1608     1.1950 
              1.2291     1.2633     1.2974     1.3315     1.3657 
              1.3998     1.4340     1.4681     1.5023     1.5364 
              1.5705     1.6047     1.6388     1.6730     1.0000 
  Width: 
              0.0200     0.0400     0.0600     0.0800     0.1000 
              0.1200     0.1400     0.1600     0.1800     0.2000 
              0.2200     0.2400     0.2600     0.2800     0.3000 
              0.3200     0.3400     0.3600     0.3800     0.4000 
              0.4200     0.4400     0.4600     0.4800     0.5000 
              0.5200     0.5400     0.5600     0.5800     0.6000 
              0.6200     0.6400     0.6600     0.6800     0.7000 
              0.7200     0.7400     0.7600     0.7800     0.8000 
              0.8200     0.8400     0.8600     0.8800     0.9000 
              0.9200     0.9400     0.9600     0.9800     1.0000 

  

  ********************
    Transect Summary
  ********************


  Transect Transect
  Area:  
              0.0004     0.0015     0.0034     0.0061     0.0095 
              0.0137     0.0187     0.0244     0.0309     0.0381 
              0.0461     0.0549     0.0644     0.0747     0.0857 
              0.0975     0.1101     0.1234     0.1375     0.1524 
              0.1680     0.1844     0.2015     0.2194     0.2381 
              0.2575     0.2777     0.2987     0.3204     0.3429 
              0.3661     0.3901     0.4149     0.4404     0.4667 
              0.4937     0.5215     0.5502     0.5801     0.6114 
              0.6441     0.6782     0.7136     0.7504     0.7886 
              0.8281     0.8690     0.9113     0.9550     1.0000 
  Hrad:  
              0.0187     0.0374     0.0560     0.0747     0.0934 
              0.1121     0.1308     0.1494     0.1681     0.1868 
              0.2055     0.2242     0.2428     0.2615     0.2802 
              0.2989     0.3176     0.3362     0.3549     0.3736 
              0.3923     0.4110     0.4296     0.4483     0.4670 
              0.4945     0.5204     0.5450     0.5685     0.5910 
              0.6127     0.6335     0.6537     0.6732     0.6921 
              0.7106     0.7286     0.7516     0.7784     0.8036 
              0.8272     0.8496     0.8710     0.8914     0.9109 
              0.9298     0.9481     0.9658     0.9831     1.0000 
  Width: 
              0.0167     0.0333     0.0500     0.0667     0.0833 
              0.1000     0.1167     0.1333     0.1500     0.1667 
              0.1833     0.2000     0.2167     0.2333     0.2500 
              0.2667     0.2833     0.3000     0.3167     0.3333 
              0.3500     0.3667     0.3833     0.4000     0.4167 
              0.4333     0.4500     0.4667     0.4833     0.5000 
              0.5167     0.5333     0.5500     0.5667     0.5833 
              0.6000     0.6167     0.6400     0.6700     0.7000 
              0.7300     0.7600     0.7900     0.8200     0.8500 
              0.8800     0.9100     0.9400     0.9700     1.0000 

  
  
  *************************************************************
    NOTE: The summary statistics displayed in this report are
    based on results found at every computational time step,  
    not just on results from each reporting time step.
  *************************************************************

  ********************
    Analysis Options
  ********************

  Flow Units ............... CFS
  Process Models:
    Rainfall/Runoff ........ NO
    RDII ................... NO
    Snowmelt ............... NO
    Groundwater ............ NO
    Flow Routing ........... YES
    Ponding Allowed ........ NO
    Water Quality .......... NO
  Flow Routing Method ...... DYNWAVE

  Surcharge Method ......... EXTRAN
  Starting Date ............ 01/01/2002 00:00:00
  Ending Date .............. 01/01/2002 08:00:00
  Antecedent Dry Days ...... 0.0
  Report Time Step ......... 00:15:00
  Routing Time Step ........ 20.00 sec
  Variable Time Step ....... NO
  Maximum Trials ........... 8
  Head Tolerance ........... 0.005000 ft

  

  *************************
    Control Actions Taken
  *************************


  
  **************************        Volume        Volume
  Flow Routing Continuity        acre-feet      10^6 gal
  **************************     ---------     ---------
  Dry Weather Inflow .......         0.000         0.000
  Wet Weather Inflow .......         0.000         0.000
  Groundwater Inflow .......         0.000         0.000
  RDII Inflow ..............         0.000         0.000
  External Inflow ..........        33.470        10.907
  External Outflow .........         0.301         0.098
  Internal Outflow .........        33.023        10.761
  Evaporation Loss .........         0.000         0.000
  Exfiltration Loss ........         0.000         0.000
  Initial Stored Volume ....         0.000         0.000
  Final Stored Volume ......         0.142         0.046
  Continuity Error (%) .....         0.013
  

  *****************************
    Highest Continuity Errors
  *****************************

  Node 16109                                 15.06%     0.0118
  Node 16009                                  8.13%     0.0103
  Node 10309                                  6.99%     0.0081
  Node 15009                                  5.87%     0.0038
  Node 81309                                  3.46%     0.0023
  Node 80608                                  0.76%     0.0013
  Node 82309                                  0.49%     0.0159
                                                        0.0535 Mgal


  
  ************************************
    Highest Flow Instability Indexes
  ************************************

  Link 1600 (3)
  Link 1602 (2)
  Link 1630 (2)
  Link 1570 (1)
  Link 8130 (1)
  Link 8100 (1)
  Link 8060 (1)
  Link 8040 (1)
  Link 1030 (0)



  *****************************
    Routing Time Step Summary
  *****************************

  Minimum Time Step           :    20.00 sec
  Average Time Step           :    20.00 sec
  Maximum Time Step           :    20.00 sec
  Percent in Steady State     :     0.00
  Average Iterations per Step :     3.73
  Percent Not Converging      :     9.31
  Total Steps                 :     1440
  Total Iterations            :     5371


  

  **********************
    Node Depth Summary
  **********************

  ----------------------------------------------------------------------------------------------
                                 Average  Maximum  Maximum  Time of Max    Reported  Time of Max
                                   Depth    Depth  Run HGL   Occurrence   Max Depth   Occurrence
  Node                 Type         Feet     Feet     Feet  days hr:min        Feet  days hr:min
  ----------------------------------------------------------------------------------------------
  80408                JUNCTION     5.48    13.40   138.00     0  00:02      138.00     0  00:00
  80608                JUNCTION     6.80    16.70   135.00     0  00:13      135.00     0  00:00
  81009                JUNCTION     3.72     8.80   137.00     0  00:03      137.00     0  00:00
  81309                JUNCTION     2.72    12.50   130.00     0  01:14      130.00     0  00:00
  82309                JUNCTION    19.05    42.70   155.00     0  00:08      155.00     0  00:00
  10309                JUNCTION     4.62     9.40   111.00     0  02:12      111.00     0  00:00
  15009                JUNCTION     2.23    13.50   125.00     0  02:30      125.00     0  00:00
  16009                JUNCTION     4.95    11.08   113.08     0  02:31      113.08     0  00:00
  16109                JUNCTION     4.65    11.11   113.91     0  02:31      113.91     0  00:00
  10208                OUTFALL      0.48     0.66    90.56     0  02:18       90.56     0  00:00

  

  ***********************
    Node Inflow Summary
  ***********************

  ------------------------------------------------------------------------------------------------------
                                  Maximum  Maximum                  Lateral       Total        Flow
                                  Lateral    Total  Time of Max      Inflow      Inflow     Balance
                                   Inflow   Inflow   Occurrence      Volume      Volume       Error
  Node                 Type           CFS      CFS  days hr:min    10^6 gal    10^6 gal    10^6 gal or %
  ------------------------------------------------------------------------------------------------------
  80408                JUNCTION     45.00    45.00     0  00:15        3.64        3.64      -0.042 %
  80608                JUNCTION      0.00     4.01     0  00:13           0       0.175       0.771 %
  81009                JUNCTION     50.00    50.00     0  00:15        4.04        4.04      -0.107 %
  81309                JUNCTION      0.00     1.08     0  01:12           0      0.0666       3.585 %
  82309                JUNCTION     40.00    40.00     0  00:15        3.23        3.24       0.491 %
  10309                JUNCTION      0.00     1.17     0  02:31           0       0.117       7.511 %
  15009                JUNCTION      0.00     0.83     0  02:29           0      0.0641       6.241 %
  16009                JUNCTION      0.00     1.17     0  02:31           0       0.127       8.848 %
  16109                JUNCTION      0.00     0.81     0  01:53           0      0.0784      17.731 %
  10208                OUTFALL       0.00     0.71     0  02:18           0       0.098       0.000 %

  

  **************************
    Node Surcharge Summary
  **************************

  Surcharging occurs when water rises above the top of the highest conduit.
  ---------------------------------------------------------------------
                                               Max. Height   Min. Depth
                                   Hours       Above Crown    Below Rim
  Node                 Type      Surcharged           Feet         Feet
  ---------------------------------------------------------------------
  80408                JUNCTION        6.49         12.400        0.000
  80608                JUNCTION        7.01         15.700        0.000
  81009                JUNCTION        6.48          7.800        0.000
  81309                JUNCTION        5.27         11.500        0.000
  82309                JUNCTION        9.80         39.500        0.000
  10309                JUNCTION       11.68          8.400        0.000
  15009                JUNCTION        5.09         12.500        0.000
  16009                JUNCTION       12.23         10.078        6.922
  16109                JUNCTION       11.96         10.109       11.091

  

  *************************
    Node Flooding Summary
  *************************

  Flooding refers to all water that overflows a node, whether it ponds or not.
  --------------------------------------------------------------------------
                                                             Total   Maximum
                                 Maximum   Time of Max       Flood    Ponded
                        Hours       Rate    Occurrence      Volume     Depth
  Node                 Flooded       CFS   days hr:min    10^6 gal      Feet
  --------------------------------------------------------------------------
  80408                   3.21     44.42      0  00:22       3.579     0.000
  80608                   3.03      3.36      0  00:13       0.162     0.000
  81009                   3.19     49.63      0  00:17       3.977     0.000
  81309                   0.02      0.61      0  01:14       0.000     0.000
  82309                   3.10     38.43      0  00:15       3.031     0.000
  10309                   1.38      0.46      0  02:31       0.010     0.000
  15009                   0.01      0.34      0  02:30       0.000     0.000

  

  ***************************
    Outfall Loading Summary
  ***************************

  -----------------------------------------------------------
                         Flow       Avg       Max       Total
                         Freq      Flow      Flow      Volume
  Outfall Node           Pcnt       CFS       CFS    10^6 gal
  -----------------------------------------------------------
  10208                 83.89      0.54      0.71       0.098
  -----------------------------------------------------------
  System                83.89      0.54      0.71       0.098

  

  *********************
    Link Flow Summary
  *********************

  --------------------------------------------------------------------------------------------------------------------------------------------------
                                     Maximum  Time of Max        Maximum  Time of Max    Max/   Maximum  Time of Max    Max/  Time of Max    Maximum
                                  |Run Flow|   Occurrence  |Output Flow|   Occurrence    Full   |Veloc|   Occurrence    Full   Occurrence  Top Width
  Link                 Type              CFS  days hr:min            CFS  days hr:min    Flow    ft/sec  days hr:min   Depth  days hr:min         ft
  --------------------------------------------------------------------------------------------------------------------------------------------------
  8040                 CONDUIT          1.64     0  00:13           0.00     0  00:00    1.94      5.42     0  00:02    1.00     0  00:13
  8060                 CONDUIT          2.37     0  00:13           0.00     0  00:00    3.89      4.76     0  00:13    1.00     0  00:13
  8100                 CONDUIT          1.08     0  01:12           0.00     0  00:00    1.65      5.77     0  00:00    1.00     0  01:13
  8130                 CONDUIT          0.83     0  02:29           0.00     0  00:00    1.41      2.63     0  01:15    1.00     0  02:29
  1030                 CONDUIT          0.71     0  02:18           0.00     0  00:00    1.04      2.06     0  02:18    0.83     0  02:17
  1570                 CONDUIT          0.60     0  03:15           0.00     0  00:00    0.99      1.20     0  03:15    1.00     0  02:29
  1600                 CONDUIT          0.73     0  01:53           0.00     0  00:00    1.28      1.52     0  01:41    1.00     0  01:53
  1630                 CONDUIT          1.17     0  02:31           0.00     0  00:00    2.24      2.91     0  01:56    1.00     0  02:10
  1602                 CONDUIT          0.81     0  01:53           0.00     0  00:00    2.97      2.53     0  00:00    1.00     0  01:36

  

  *******************************
    Flow Classification Summary
  *******************************

  -----------------------------------------------------------------------------------------------------
                      Adjusted    ---------- Fraction of Time in Flow Class ---------------------------
                       /Actual         Up    Down  Sub   Sup   Up    Down  Norm  Inlet New    New
  Conduit               Length    Dry  Dry   Dry   Crit  Crit  Crit  Crit  Ltd   Ctrl  Length Roughness
  -----------------------------------------------------------------------------------------------------
  8040                    1.00   0.00  0.00  0.00  0.98  0.02  0.00  0.00  0.56  0.00  1800.00    0.0150
  8060                    1.00   0.00  0.00  0.00  0.97  0.01  0.00  0.02  0.42  0.00  2075.00    0.0150
  8100                    1.00   0.00  0.00  0.00  1.00  0.00  0.00  0.00  0.56  0.00  5100.00    0.0150
  8130                    1.00   0.00  0.00  0.00  1.00  0.00  0.00  0.00  0.44  0.00  3500.00    0.0150
  1030                    1.00   0.06  0.00  0.00  0.94  0.00  0.00  0.00  0.00  0.00  4500.00    0.0160
  1570                    1.00   0.01  0.00  0.00  0.99  0.00  0.00  0.00  0.45  0.00  5000.00    0.0154
  1600                    1.00   0.00  0.00  0.00  1.00  0.00  0.00  0.00  0.00  0.00  500.00    0.0150
  1630                    1.00   0.02  0.00  0.00  0.98  0.00  0.00  0.00  0.00  0.00  300.00    0.0150
  1602                    1.00   0.00  0.00  0.00  1.00  0.00  0.00  0.00  0.00  0.00  5000.00    0.0340

  

  *****************************
    Conduit Surcharge Summary
  *****************************

  ----------------------------------------------------------------------------
                                                           Hours        Hours 
                         --------- Hours Full --------   Above Full   Capacity
  Conduit                Both Ends  Upstream  Dnstream   Normal Flow   Limited
  ----------------------------------------------------------------------------
  8040                        3.04      3.23      3.51      0.18         0.00
  8060                        3.51      3.51      4.90      3.10         0.01
  8100                        2.06      3.22      2.63      1.38         0.92
  8130                        1.36      2.63      2.54      1.84         0.75
  1030                        0.00      5.84      0.00      1.81         0.00
  1570                        2.54      2.54      6.12      0.00         0.01
  1600                        5.62      5.88      6.12      1.57         1.29
  1630                        5.84      6.12      5.84      4.55         4.28
  1602                        5.90      7.94      5.90      4.56         3.01

  
  

  **************************
    Innovyze License Check
  **************************

  Quick license check successful


  *************************
    System Resource Usage
  *************************

  Threads available      = 8
  Threads requested      = 1
  Threads used           = 1
  Virtual memory         = 6.8 MB
  Physical memory        = 12.4 MB
  Peak physical memory*  = 29.2 MB   (*Note: not accurate for multi-inp processes)
  Total CPU time         = 0.0 s
  Elapsed clock time     = 0.0 s
  Ratio CPU/clock        = 0.1


  Analysis begun on:  Sun Dec 15 07:06:07 2019
  Analysis ended on:  Sun Dec 15 07:06:08 2019
  Total elapsed time: 00:00:01