
  ---------------------------------------------------------------------
    Innovyze Storm Water Management Model
  ---------------------------------------------------------------------

  ---------------------------------------------------------------------

  Version                        = 1.0.10.0
  Platform                       = 64-bit (x64)
  Build date                     = 14/12/2019
  Copyright                      = Copyright (c) 2019 Innovyze
  Computer name                  = REMOL9CTW0N2
  Architecture                   = 64-bit
  CPU Type                       = Intel(R) Xeon(R) CPU E3-1535M v6 @ 3.10GHz
  Number of Cores                = 8
  RAM (GB)                       = 32
  ---------------------------------------------------------------------

  

  **************************
    Innovyze License Check
  **************************

  License mode            : N
  License dongle settings : DongleType=6,NetworkDongleAddress=,NetworkDongleKeyID=,DemoMode=0
  License settings        : Soft local
  License serial number   : WS98760081PM
  License name            : Innovyze
  


  *****************
    Element Count
  *****************

  Number of rain gages ...... 1
  Number of subcatchments ... 1
  Number of nodes ........... 1
  Number of links ........... 0
  Number of pollutants ...... 0
  Number of land uses ....... 0


  ********************
    Raingage Summary
  ********************

                                                      Data       Recording
  Name                 Data Source                    Type       Interval 
  ------------------------------------------------------------------------
  GAGE1                RainSeries0                    INTENSITY    5 min.


  ************************
    Subcatchment Summary
  ************************

  Name                       Area     Width   %Imperv    %Slope Rain Gage            Outlet              
  -----------------------------------------------------------------------------------------------------------
  101                      10.00    997.00     40.00    2.0000    GAGE1                301                 


  ****************
    Node Summary
  ****************

                                           Invert      Max.    Ponded    External
  Name                 Type                 Elev.     Depth      Area    Inflow  
  -------------------------------------------------------------------------------
  301                 OUTFALL               0.00      0.00       0.0

  
  
  
  *************************************************************
    NOTE: The summary statistics displayed in this report are
    based on results found at every computational time step,  
    not just on results from each reporting time step.
  *************************************************************

  ********************
    Analysis Options
  ********************

  Flow Units ............... CFS
  Process Models:
    Rainfall/Runoff ........ YES
    RDII ................... NO
    Snowmelt ............... NO
    Groundwater ............ NO
    Flow Routing ........... NO
    Water Quality .......... NO
  Infiltration Method ...... HORTON
  Starting Date ............ 05/23/1985 12:00:00
  Ending Date .............. 05/23/1985 16:10:00
  Antecedent Dry Days ...... 0.0
  Report Time Step ......... 00:15:00
  Wet Time Step ............ 00:05:00
  Dry Time Step ............ 00:05:00

  
  
  **************************        Volume         Depth
  Runoff Quantity Continuity     acre-feet        inches
  **************************     ---------       -------
  Total Precipitation ......         0.007         0.008
  Evaporation Loss .........         0.003         0.003
  Infiltration Loss ........         0.004         0.005
  Surface Runoff ...........         0.000         0.000
  Final Surface Storage ....         0.000         0.000
  Continuity Error (%) .....         0.000
  
  
  **************************        Volume        Volume
  Flow Routing Continuity        acre-feet      10^6 gal
  **************************     ---------     ---------
  Dry Weather Inflow .......         0.000         0.000
  Wet Weather Inflow .......         0.000         0.000
  Groundwater Inflow .......         0.000         0.000
  RDII Inflow ..............         0.000         0.000
  External Inflow ..........         0.000         0.000
  External Outflow .........         0.000         0.000
  Internal Outflow .........         0.000         0.000
  Evaporation Loss .........         0.000         0.000
  Exfiltration Loss ........         0.000         0.000
  Initial Stored Volume ....         0.000         0.000
  Final Stored Volume ......         0.000         0.000
  Continuity Error (%) .....         0.000
  
  *******************************
    Subcatchment Runoff Summary
  *******************************

  ------------------------------------------------------------------------------------------------------------------------------
                            Total      Total      Total      Total     Imperv       Perv      Total       Total     Peak  Runoff
                           Precip      Runon       Evap      Infil     Runoff     Runoff     Runoff      Runoff   Runoff   Coeff
  Subcatchment                 in         in         in         in         in         in         in    10^6 gal      CFS
  ------------------------------------------------------------------------------------------------------------------------------
  101                        0.01       0.00       0.00       0.00       0.00       0.00       0.00        0.00     0.00   0.030

  
  

  **************************
    Innovyze License Check
  **************************

  Quick license check successful


  *************************
    System Resource Usage
  *************************

  Threads available      = 8
  Threads requested      = -1
  Threads used           = 0
  Virtual memory         = 6.8 MB
  Physical memory        = 12.3 MB
  Peak physical memory*  = 29.2 MB   (*Note: not accurate for multi-inp processes)
  Total CPU time         = 0.0 s
  Elapsed clock time     = 0.0 s
  Ratio CPU/clock        = 0.0


  Analysis begun on:  Sun Dec 15 07:05:08 2019
  Analysis ended on:  Sun Dec 15 07:05:08 2019
  Total elapsed time: < 1 sec