
  ---------------------------------------------------------------------
    Innovyze Storm Water Management Model
  ---------------------------------------------------------------------

  ---------------------------------------------------------------------

  Version                        = 0.2.17.0
  Platform                       = 64-bit (x64)
  Build date                     = 28/11/2019
  Copyright                      = Copyright (c) 2019 Innovyze
  Computer name                  = REMOL9CTW0N2
  Architecture                   = 64-bit
  CPU Type                       = Intel(R) Xeon(R) CPU E3-1535M v6 @ 3.10GHz
  Number of Cores                = 8
  RAM (GB)                       = 32
  ---------------------------------------------------------------------

  

  **************************
    Innovyze License Check
  **************************

  License mode            : N
  License dongle settings : DongleType=6,NetworkDongleAddress=,NetworkDongleKeyID=,DemoMode=0
  License settings        : Soft local
  License serial number   : WS98760081PM
  License name            : Innovyze
  

  
  *************************************************************
    NOTE: The summary statistics displayed in this report are
    based on results found at every computational time step,  
    not just on results from each reporting time step.
  *************************************************************

  ********************
    Analysis Options
  ********************

  Flow Units ............... CFS
  Process Models:
    Rainfall/Runoff ........ YES
    RDII ................... NO
    Snowmelt ............... NO
    Groundwater ............ NO
    Flow Routing ........... YES
    Ponding Allowed ........ NO
    Water Quality .......... YES
  Infiltration Method ...... HORTON
  Flow Routing Method ...... DYNWAVE

  Surcharge Method ......... EXTRAN
  Starting Date ............ 01/01/1998 00:00:00
  Ending Date .............. 01/02/1998 12:00:00
  Antecedent Dry Days ...... 5.0
  Report Time Step ......... 01:00:00
  Wet Time Step ............ 00:15:00
  Dry Time Step ............ 01:00:00
  Routing Time Step ........ 60.00 sec
  Variable Time Step ....... YES
  Maximum Trials ........... 8
  Head Tolerance ........... 0.005000 ft

  
  
  **************************        Volume         Depth
  Runoff Quantity Continuity     acre-feet        inches
  **************************     ---------       -------
  Total Precipitation ......        15.679         2.650
  Evaporation Loss .........         0.000         0.000
  Infiltration Loss ........         9.346         1.580
  Surface Runoff ...........         6.295         1.064
  Final Surface Storage ....         0.081         0.014
  Continuity Error (%) .....        -0.272
  
  
  **************************           TSS          Lead
  Runoff Quality Continuity            lbs           lbs
  **************************    ----------    ----------
  Initial Buildup ..........      3433.036         0.000
  Surface Buildup ..........       312.924         0.086
  Wet Deposition ...........         0.000         0.000
  Sweeping Removal .........         0.000         0.000
  Infiltration Loss ........         0.000         0.000
  BMP Removal ..............         0.000         0.000
  Surface Runoff ...........       431.367         0.086
  Remaining Buildup ........      3314.593         0.000
  Continuity Error (%) .....         0.000         0.000
  
  
  **************************        Volume        Volume
  Flow Routing Continuity        acre-feet      10^6 gal
  **************************     ---------     ---------
  Dry Weather Inflow .......         0.000         0.000
  Wet Weather Inflow .......         6.293         2.051
  Groundwater Inflow .......         0.000         0.000
  RDII Inflow ..............         0.000         0.000
  External Inflow ..........         0.000         0.000
  External Outflow .........         6.058         1.974
  Internal Outflow .........         0.232         0.076
  Evaporation Loss .........         0.000         0.000
  Exfiltration Loss ........         0.000         0.000
  Initial Stored Volume ....         0.000         0.000
  Final Stored Volume ......         0.002         0.001
  Continuity Error (%) .....         0.006
  
  
  **************************           TSS          Lead
  Quality Routing Continuity           lbs           lbs
  **************************    ----------    ----------
  Dry Weather Inflow .......         0.000         0.000
  Wet Weather Inflow .......       431.190         0.086
  Groundwater Inflow .......         0.000         0.000
  RDII Inflow ..............         0.000         0.000
  External Inflow ..........         0.000         0.000
  Internal Flooding ........        12.321         0.002
  External Outflow .........       418.780         0.084
  Mass Reacted .............         0.000         0.000
  Initial Stored Mass ......         0.000         0.000
  Final Stored Mass ........         0.408         0.000
  Continuity Error (%) .....        -0.074        -0.074
  

  *****************************
    Highest Continuity Errors
  *****************************

  Node 21                                     0.08%     0.0006
  Node 23                                    -0.05%    -0.0001
  Node 13                                    -0.02%    -0.0000
  Node 19                                    -0.01%    -0.0000
  Node 14                                     0.01%     0.0000
  Node 17                                     0.01%     0.0002
  Node 16                                     0.01%     0.0002
  Node 9                                     -0.01%    -0.0000
  Node 20                                    -0.00%    -0.0000
  Node 15                                     0.00%     0.0000
  Node 24                                    -0.00%    -0.0001
  Node 22                                    -0.00%    -0.0000
  Node 10                                     0.00%     0.0000
                                                        0.0008 Mgal


  
  *******************************
    Time-Step Critical Elements
  *******************************

  Link 15 (91.61%)
  Link 16 (0.03%)
  Link 6 (0.01%)
  Link 10 (0.01%)
  Link 11 (0.01%)
  Link 12 (0.00%)
  Link 13 (0.00%)
  Link 8 (0.00%)
  Link 7 (0.00%)
  Link 14 (0.00%)
  Link 5 (0.00%)
  Link 4 (0.00%)
  Link 1 (0.00%)
  Node 18 (0.00%)
  Node 24 (0.00%)
  Node 23 (0.00%)
  Node 22 (0.00%)
  Node 21 (0.00%)
  Node 20 (0.00%)
  Node 19 (0.00%)
  Node 17 (0.00%)
  Node 16 (0.00%)
  Node 15 (0.00%)
  Node 14 (0.00%)
  Node 13 (0.00%)
  Node 10 (0.00%)
  Node 9 (0.00%)


  
  ************************************
    Highest Flow Instability Indexes
  ************************************

  Link 11 (0)
  Link 4 (0)
  Link 6 (0)
  Link 8 (0)
  Link 13 (0)
  Link 1 (0)
  Link 10 (0)
  Link 7 (0)
  Link 16 (0)
  Link 14 (0)
  Link 15 (0)
  Link 5 (0)
  Link 12 (0)



  *****************************
    Routing Time Step Summary
  *****************************

  Minimum Time Step           :     1.48 sec
  Average Time Step           :    18.91 sec
  Maximum Time Step           :    60.00 sec
  Percent in Steady State     :     0.00
  Average Iterations per Step :     2.03
  Percent Not Converging      :     0.07
  Total Steps                 :     6855
  Total Iterations            :    13926


  
  *******************************
    Subcatchment Runoff Summary
  *******************************

  ------------------------------------------------------------------------------------------------------------------------------
                            Total      Total      Total      Total     Imperv       Perv      Total       Total     Peak  Runoff
                           Precip      Runon       Evap      Infil     Runoff     Runoff     Runoff      Runoff   Runoff   Coeff
  Subcatchment                 in         in         in         in         in         in         in    10^6 gal      CFS
  ------------------------------------------------------------------------------------------------------------------------------
  1                          2.65       0.00       0.00       1.16       1.32       0.17       1.48        0.40     4.66   0.559
  2                          2.65       0.00       0.00       1.21       1.32       0.11       1.43        0.39     4.52   0.539
  3                          2.65       0.00       0.00       1.16       1.32       0.17       1.49        0.20     2.45   0.561
  4                          2.65       0.00       0.00       1.16       1.32       0.17       1.49        0.20     2.45   0.561
  5                          2.65       0.00       0.00       1.24       1.31       0.09       1.40        0.57     6.56   0.528
  6                          2.65       0.00       0.00       2.27       0.26       0.12       0.38        0.12     1.50   0.143
  7                          2.65       0.00       0.00       2.14       0.26       0.25       0.51        0.06     0.79   0.194
  8                          2.65       0.00       0.00       2.25       0.26       0.13       0.40        0.11     1.33   0.150

  

  ********************************
    Subcatchment Washoff Summary
  ********************************


  ------------------------------------------------
                                 TSS          Lead
  Subcatchment                   lbs           lbs
  ------------------------------------------------
  1                           50.074         0.010
  2                           90.586         0.018
  3                           25.144         0.005
  4                           46.097         0.009
  5                           71.172         0.014
  6                           65.843         0.013
  7                           26.025         0.005
  8                           56.427         0.011
  ------------------------------------------------
  System                     431.367         0.086
  

  **********************
    Node Depth Summary
  **********************

  ----------------------------------------------------------------------------------------------
                                 Average  Maximum  Maximum  Time of Max    Reported  Time of Max
                                   Depth    Depth  Run HGL   Occurrence   Max Depth   Occurrence
  Node                 Type         Feet     Feet     Feet  days hr:min        Feet  days hr:min
  ----------------------------------------------------------------------------------------------
  9                    JUNCTION     0.23     0.57  1000.57     0  04:00     1000.57     0  00:00
  10                   JUNCTION     0.79     3.00   998.00     0  03:03      998.00     0  00:00
  13                   JUNCTION     0.16     0.41   995.41     0  04:00      995.41     0  00:00
  14                   JUNCTION     0.19     0.46   990.46     0  04:00      990.46     0  00:00
  15                   JUNCTION     0.43     1.15   988.15     0  04:00      988.15     0  00:00
  16                   JUNCTION     0.48     1.14   986.14     0  04:00      986.14     0  00:00
  17                   JUNCTION     0.47     1.11   981.11     0  04:01      981.11     0  00:00
  19                   JUNCTION     0.08     0.23  1010.23     0  04:00     1010.23     0  00:00
  20                   JUNCTION     0.06     0.17  1005.17     0  04:00     1005.17     0  00:00
  21                   JUNCTION     1.30     1.64   991.64     0  04:00      991.64     0  00:00
  22                   JUNCTION     0.39     0.85   987.85     0  04:00      987.85     0  00:00
  23                   JUNCTION     0.14     0.35   990.35     0  04:00      990.35     0  00:00
  24                   JUNCTION     0.50     1.20   985.20     0  04:00      985.20     0  00:00
  18                   OUTFALL      0.47     1.11   976.11     0  04:01      976.11     0  00:00

  

  ***********************
    Node Inflow Summary
  ***********************

  ------------------------------------------------------------------------------------------------------
                                  Maximum  Maximum                  Lateral       Total        Flow
                                  Lateral    Total  Time of Max      Inflow      Inflow     Balance
                                   Inflow   Inflow   Occurrence      Volume      Volume       Error
  Node                 Type           CFS      CFS  days hr:min    10^6 gal    10^6 gal    10^6 gal or %
  ------------------------------------------------------------------------------------------------------
  9                    JUNCTION      4.66     4.66     0  04:00       0.402       0.402      -0.006 %
  10                   JUNCTION      4.52     9.18     0  04:00       0.388        0.79       0.002 %
  13                   JUNCTION      2.45     2.45     0  04:00       0.202       0.202      -0.020 %
  14                   JUNCTION      0.00     2.45     0  04:00           0       0.202       0.011 %
  15                   JUNCTION      6.56     9.00     0  04:00        0.57       0.772       0.004 %
  16                   JUNCTION      0.00    18.01     0  04:00           0        1.74       0.009 %
  17                   JUNCTION      0.00    19.49     0  04:00           0        1.87       0.010 %
  19                   JUNCTION      0.79     0.79     0  04:00      0.0558      0.0558      -0.013 %
  20                   JUNCTION      0.00     0.79     0  04:00           0      0.0558      -0.005 %
  21                   JUNCTION      0.00     6.58     0  04:00           0        0.77       0.081 %
  22                   JUNCTION      2.45     9.02     0  04:00       0.202       0.971      -0.002 %
  23                   JUNCTION      1.50     1.50     0  04:00       0.124       0.124      -0.045 %
  24                   JUNCTION      0.00    19.49     0  04:00           0        1.87      -0.003 %
  18                   OUTFALL       1.33    20.78     0  04:01       0.108        1.97       0.000 %

  

  **************************
    Node Surcharge Summary
  **************************

  Surcharging occurs when water rises above the top of the highest conduit.
  ---------------------------------------------------------------------
                                               Max. Height   Min. Depth
                                   Hours       Above Crown    Below Rim
  Node                 Type      Surcharged           Feet         Feet
  ---------------------------------------------------------------------
  10                   JUNCTION        4.11          1.500        0.000

  

  *************************
    Node Flooding Summary
  *************************

  Flooding refers to all water that overflows a node, whether it ponds or not.
  --------------------------------------------------------------------------
                                                             Total   Maximum
                                 Maximum   Time of Max       Flood    Ponded
                        Hours       Rate    Occurrence      Volume     Depth
  Node                 Flooded       CFS   days hr:min    10^6 gal      Feet
  --------------------------------------------------------------------------
  10                      1.19      3.38      0  04:00       0.076     0.000

  

  ***************************
    Outfall Loading Summary
  ***************************

  ---------------------------------------------------------------------------------------
                         Flow       Avg       Max       Total         Total         Total
                         Freq      Flow      Flow      Volume           TSS          Lead
  Outfall Node           Pcnt       CFS       CFS    10^6 gal           lbs           lbs
  ---------------------------------------------------------------------------------------
  18                    91.19      7.13     20.78       1.974       418.783         0.084
  ---------------------------------------------------------------------------------------
  System                91.19      7.13     20.78       1.974       418.783         0.084

  

  *********************
    Link Flow Summary
  *********************

  --------------------------------------------------------------------------------------------------------------------------------------------------
                                     Maximum  Time of Max        Maximum  Time of Max    Max/   Maximum  Time of Max    Max/  Time of Max    Maximum
                                  |Run Flow|   Occurrence  |Output Flow|   Occurrence    Full   |Veloc|   Occurrence    Full   Occurrence  Top Width
  Link                 Type              CFS  days hr:min            CFS  days hr:min    Flow    ft/sec  days hr:min   Depth  days hr:min         ft
  --------------------------------------------------------------------------------------------------------------------------------------------------
  1                    CONDUIT          4.65     0  04:00           0.00     0  00:00    0.30      3.58     0  02:13    0.69     0  04:00
  4                    CONDUIT          0.79     0  04:00           0.00     0  00:00    0.11      7.02     0  04:00    0.20     0  04:00
  5                    CONDUIT          0.79     0  04:00           0.00     0  00:00    0.06      1.65     0  04:00    0.58     0  04:00
  6                    CONDUIT          5.79     0  03:30           0.00     0  00:00    1.25      7.43     0  03:30    0.97     0  03:30
  7                    CONDUIT          6.58     0  04:01           0.00     0  00:00    0.22      7.54     0  04:01    0.32     0  04:00
  8                    CONDUIT          9.02     0  04:00           0.00     0  00:00    0.38      5.94     0  04:14    0.50     0  04:00
  10                   CONDUIT         19.49     0  04:01           0.00     0  00:00    0.59     10.90     0  04:01    0.55     0  04:01
  11                   CONDUIT          2.45     0  04:00           0.00     0  00:00    0.16      5.77     0  04:00    0.29     0  04:00
  12                   CONDUIT          2.44     0  04:00           0.00     0  00:00    0.21      2.54     0  04:01    0.54     0  04:00
  13                   CONDUIT          8.99     0  04:00           0.00     0  00:00    0.93      6.22     0  04:00    0.76     0  04:00
  14                   CONDUIT          1.49     0  04:00           0.00     0  00:00    0.26      3.52     1  04:04    0.68     0  04:00
  15                   CONDUIT         18.00     0  04:00           0.00     0  00:00    0.61      9.43     0  04:00    0.59     0  04:00
  16                   CONDUIT         19.49     0  04:00           0.00     0  00:00    0.66     10.39     0  04:01    0.58     0  04:00

  

  *******************************
    Flow Classification Summary
  *******************************

  -----------------------------------------------------------------------------------------------------
                      Adjusted    ---------- Fraction of Time in Flow Class ---------------------------
                       /Actual         Up    Down  Sub   Sup   Up    Down  Norm  Inlet New    New
  Conduit               Length    Dry  Dry   Dry   Crit  Crit  Crit  Crit  Ltd   Ctrl  Length Roughness
  -----------------------------------------------------------------------------------------------------
  1                       1.00   0.01  0.00  0.00  0.68  0.31  0.00  0.00  0.97  0.00  400.00    0.0100
  4                       1.00   0.02  0.01  0.00  0.26  0.71  0.00  0.00  0.10  0.00  200.00    0.0100
  5                       1.00   0.01  0.19  0.00  0.81  0.00  0.00  0.00  0.97  0.00  200.00    0.0100
  6                       1.00   0.01  0.00  0.00  0.04  0.16  0.00  0.79  0.00  0.00  400.00    0.0100
  7                       1.00   0.01  0.00  0.00  0.00  0.00  0.00  0.99  0.00  0.00  300.00    0.0100
  8                       1.00   0.01  0.00  0.00  0.30  0.69  0.00  0.00  0.96  0.00  300.00    0.0100
  10                      1.00   0.01  0.00  0.00  0.00  0.99  0.00  0.00  0.14  0.00  400.00    0.0100
  11                      1.00   0.01  0.01  0.00  0.25  0.74  0.00  0.00  0.91  0.00  400.00    0.0100
  12                      1.00   0.01  0.02  0.00  0.97  0.00  0.00  0.00  0.97  0.00  400.00    0.0100
  13                      1.00   0.01  0.00  0.00  0.32  0.67  0.00  0.00  0.53  0.00  400.00    0.0100
  14                      1.00   0.01  0.02  0.00  0.96  0.01  0.00  0.00  0.97  0.00  400.00    0.0100
  15                      1.00   0.01  0.00  0.00  0.11  0.88  0.00  0.00  0.77  0.00  100.00    0.0100
  16                      1.00   0.01  0.00  0.00  0.12  0.87  0.00  0.00  0.59  0.00  400.00    0.0100

  

  *****************************
    Conduit Surcharge Summary
  *****************************

  ----------------------------------------------------------------------------
                                                           Hours        Hours 
                         --------- Hours Full --------   Above Full   Capacity
  Conduit                Both Ends  Upstream  Dnstream   Normal Flow   Limited
  ----------------------------------------------------------------------------
  1                           0.00      0.00      2.06      0.00         0.00
  5                           0.00      0.00     34.80      0.00         0.00
  6                           0.00      2.47      0.00      2.86         0.00
  14                          0.00      0.00      1.16      0.00         0.00

  

  *******************************
    Link Pollutant Load Summary
  *******************************

  ------------------------------------------------
                                 TSS          Lead
  Link                           lbs           lbs
  ------------------------------------------------
  1                           50.110         0.010
  4                           26.019         0.005
  5                           26.091         0.005
  6                          128.298         0.026
  7                          154.135         0.031
  8                          200.293         0.040
  10                         362.371         0.072
  11                          25.152         0.005
  12                          25.174         0.005
  13                          96.339         0.019
  14                          65.848         0.013
  15                         296.526         0.059
  16                         362.388         0.072

  
  

  **************************
    Innovyze License Check
  **************************

  Quick license check successful


  *************************
    System Resource Usage
  *************************

  Threads available      = 8
  Threads requested      = 1
  Threads used           = 1
  Virtual memory         = 7.2 MB
  Physical memory        = 12.8 MB
  Peak physical memory*  = 29.4 MB   (*Note: not accurate for multi-inp processes)
  Total CPU time         = 0.0 s
  Elapsed clock time     = 0.1 s
  Ratio CPU/clock        = 0.1


  Analysis begun on:  Fri Nov 29 17:24:05 2019
  Analysis ended on:  Fri Nov 29 17:24:05 2019
  Total elapsed time: < 1 sec