
  ---------------------------------------------------------------------
    Innovyze Storm Water Management Model
  ---------------------------------------------------------------------

  ---------------------------------------------------------------------

  Version                        = 0.2.17.0
  Platform                       = 64-bit (x64)
  Build date                     = 28/11/2019
  Copyright                      = Copyright (c) 2019 Innovyze
  Computer name                  = REMOL9CTW0N2
  Architecture                   = 64-bit
  CPU Type                       = Intel(R) Xeon(R) CPU E3-1535M v6 @ 3.10GHz
  Number of Cores                = 8
  RAM (GB)                       = 32
  ---------------------------------------------------------------------

  

  **************************
    Innovyze License Check
  **************************

  License mode            : N
  License dongle settings : DongleType=6,NetworkDongleAddress=,NetworkDongleKeyID=,DemoMode=0
  License settings        : Soft local
  License serial number   : WS98760081PM
  License name            : Innovyze
  


  *****************
    Element Count
  *****************

  Number of rain gages ...... 0
  Number of subcatchments ... 0
  Number of nodes ........... 6
  Number of links ........... 5
  Number of pollutants ...... 0
  Number of land uses ....... 0


  ****************
    Node Summary
  ****************

                                           Invert      Max.    Ponded    External
  Name                 Type                 Elev.     Depth      Area    Inflow  
  -------------------------------------------------------------------------------
  1                   JUNCTION            175.00     65.00       0.0     Yes
  2                   JUNCTION            174.50     65.50       0.0
  3                   JUNCTION            174.00     64.00       0.0
  4                   JUNCTION            173.50     44.50       0.0
  5                   JUNCTION            173.00     13.00       0.0
  6                   OUTFALL             172.50     12.00       0.0


  ****************
    Link Summary
  ****************

  Name             From Node        To Node          Type            Length    %Slope Roughness  Culvert Type
  ------------------------------------------------------------------------------------------------------------
  1                1                2                CONDUIT         1000.0    0.0500    0.0200
  2                2                3                CONDUIT         1000.0    0.0500    0.0200
  3                3                4                CONDUIT         1000.0    0.0500    0.0200
  4                4                5                CONDUIT         1000.0    0.0500    0.0200
  5                5                6                CONDUIT         1000.0    0.0500    0.0200


  *************************
    Cross Section Summary
  *************************

                                        Full     Full     Hyd.     Max.   No. of     Full
  Conduit          Shape               Depth     Area     Rad.    Width  Barrels     Flow
  ---------------------------------------------------------------------------------------
  1                CIRCULAR            12.00   113.10     3.00    12.00     1      390.85
  2                CIRCULAR             3.00     7.07     0.75     3.00     1        9.69
  3                CIRCULAR            12.00   113.10     3.00    12.00     1      390.85
  4                CIRCULAR             3.00     7.07     0.75     3.00     1        9.69
  5                CIRCULAR            12.00   113.10     3.00    12.00     1      390.85

  
  
  
  *************************************************************
    NOTE: The summary statistics displayed in this report are
    based on results found at every computational time step,  
    not just on results from each reporting time step.
  *************************************************************

  ********************
    Analysis Options
  ********************

  Flow Units ............... CFS
  Process Models:
    Rainfall/Runoff ........ NO
    RDII ................... NO
    Snowmelt ............... NO
    Groundwater ............ NO
    Flow Routing ........... YES
    Ponding Allowed ........ NO
    Water Quality .......... NO
  Flow Routing Method ...... DYNWAVE

  Surcharge Method ......... EXTRAN
  Starting Date ............ 01/01/1988 00:00:00
  Ending Date .............. 01/01/1988 06:00:00
  Antecedent Dry Days ...... 0.0
  Report Time Step ......... 00:00:30
  Routing Time Step ........ 1.00 sec
  Variable Time Step ....... YES
  Maximum Trials ........... 8
  Head Tolerance ........... 0.005000 ft

  
  
  **************************        Volume        Volume
  Flow Routing Continuity        acre-feet      10^6 gal
  **************************     ---------     ---------
  Dry Weather Inflow .......         0.000         0.000
  Wet Weather Inflow .......         0.000         0.000
  Groundwater Inflow .......         0.000         0.000
  RDII Inflow ..............         0.000         0.000
  External Inflow ..........        21.176         6.901
  External Outflow .........        16.271         5.302
  Internal Outflow .........         0.000         0.000
  Evaporation Loss .........         0.000         0.000
  Exfiltration Loss ........         0.000         0.000
  Initial Stored Volume ....         0.000         0.000
  Final Stored Volume ......         4.743         1.546
  Continuity Error (%) .....         0.764
  

  *****************************
    Highest Continuity Errors
  *****************************

  Node 2                                      7.49%     0.4880
  Node 4                                      5.98%     0.3422
  Node 1                                      5.63%     0.3888
  Node 3                                      5.03%     0.3027
  Node 5                                      1.43%     0.0767
                                                        1.5984 Mgal


  
  *******************************
    Time-Step Critical Elements
  *******************************

  Link 5 (0.00%)
  Link 4 (0.00%)
  Link 3 (0.00%)
  Link 2 (0.00%)
  Link 1 (0.00%)
  Node 6 (0.00%)
  Node 5 (0.00%)
  Node 4 (0.00%)
  Node 3 (0.00%)
  Node 2 (0.00%)
  Node 1 (0.00%)


  
  ************************************
    Highest Flow Instability Indexes
  ************************************

  Link 1 (0)
  Link 2 (0)
  Link 3 (0)
  Link 5 (0)
  Link 4 (0)



  *****************************
    Routing Time Step Summary
  *****************************

  Minimum Time Step           :     0.50 sec
  Average Time Step           :     1.00 sec
  Maximum Time Step           :     1.00 sec
  Percent in Steady State     :     0.00
  Average Iterations per Step :     2.02
  Percent Not Converging      :     0.32
  Total Steps                 :    21601
  Total Iterations            :    43629


  

  **********************
    Node Depth Summary
  **********************

  ----------------------------------------------------------------------------------------------
                                 Average  Maximum  Maximum  Time of Max    Reported  Time of Max
                                   Depth    Depth  Run HGL   Occurrence   Max Depth   Occurrence
  Node                 Type         Feet     Feet     Feet  days hr:min        Feet  days hr:min
  ----------------------------------------------------------------------------------------------
  1                    JUNCTION    14.52    29.78   204.78     0  01:41      204.78     0  00:00
  2                    JUNCTION    14.96    29.95   204.45     0  01:41      204.45     0  00:00
  3                    JUNCTION     7.33    10.99   184.99     0  03:37      184.99     0  00:00
  4                    JUNCTION     7.74    11.49   184.99     0  03:36      184.99     0  00:00
  5                    JUNCTION     2.17     2.60   175.60     0  03:38      175.60     0  00:00
  6                    OUTFALL      1.17     1.46   173.96     0  03:39      173.96     0  00:00

  

  ***********************
    Node Inflow Summary
  ***********************

  ------------------------------------------------------------------------------------------------------
                                  Maximum  Maximum                  Lateral       Total        Flow
                                  Lateral    Total  Time of Max      Inflow      Inflow     Balance
                                   Inflow   Inflow   Occurrence      Volume      Volume       Error
  Node                 Type           CFS      CFS  days hr:min    10^6 gal    10^6 gal    10^6 gal or %
  ------------------------------------------------------------------------------------------------------
  1                    JUNCTION     50.00    50.00     0  00:15         6.9         6.9       5.971 %
  2                    JUNCTION      0.00    51.71     0  01:41           0        6.51       8.101 %
  3                    JUNCTION      0.00    53.35     0  01:41           0        6.02       5.291 %
  4                    JUNCTION      0.00    46.63     0  03:00           0        5.72       6.361 %
  5                    JUNCTION      0.00    44.89     0  03:36           0        5.38       1.446 %
  6                    OUTFALL       0.00    44.89     0  03:39           0         5.3       0.000 %

  

  **************************
    Node Surcharge Summary
  **************************

  Surcharging occurs when water rises above the top of the highest conduit.
  ---------------------------------------------------------------------
                                               Max. Height   Min. Depth
                                   Hours       Above Crown    Below Rim
  Node                 Type      Surcharged           Feet         Feet
  ---------------------------------------------------------------------
  1                    JUNCTION        7.66         17.777       35.223
  2                    JUNCTION        8.14         17.949       35.551

  

  *************************
    Node Flooding Summary
  *************************

  No nodes were flooded.
  

  ***************************
    Outfall Loading Summary
  ***************************

  -----------------------------------------------------------
                         Flow       Avg       Max       Total
                         Freq      Flow      Flow      Volume
  Outfall Node           Pcnt       CFS       CFS    10^6 gal
  -----------------------------------------------------------
  6                     94.84     34.60     44.89       5.302
  -----------------------------------------------------------
  System                94.84     34.60     44.89       5.302

  

  *********************
    Link Flow Summary
  *********************

  --------------------------------------------------------------------------------------------------------------------------------------------------
                                     Maximum  Time of Max        Maximum  Time of Max    Max/   Maximum  Time of Max    Max/  Time of Max    Maximum
                                  |Run Flow|   Occurrence  |Output Flow|   Occurrence    Full   |Veloc|   Occurrence    Full   Occurrence  Top Width
  Link                 Type              CFS  days hr:min            CFS  days hr:min    Flow    ft/sec  days hr:min   Depth  days hr:min         ft
  --------------------------------------------------------------------------------------------------------------------------------------------------
  1                    CONDUIT         51.71     0  01:41           0.00     0  00:00    0.13      2.80     0  00:11    1.00     0  01:40
  2                    CONDUIT         53.35     0  01:41           0.00     0  00:00    5.50      7.55     0  01:41    1.00     0  00:47
  3                    CONDUIT         46.63     0  03:00           0.00     0  00:00    0.12      2.34     0  00:23    0.94     0  03:36
  4                    CONDUIT         44.89     0  03:36           0.00     0  00:00    4.63      6.54     0  03:36    0.93     0  03:38
  5                    CONDUIT         44.89     0  03:39           0.00     0  00:00    0.11      3.54     0  03:39    0.17     0  03:38

  

  *******************************
    Flow Classification Summary
  *******************************

  -----------------------------------------------------------------------------------------------------
                      Adjusted    ---------- Fraction of Time in Flow Class ---------------------------
                       /Actual         Up    Down  Sub   Sup   Up    Down  Norm  Inlet New    New
  Conduit               Length    Dry  Dry   Dry   Crit  Crit  Crit  Crit  Ltd   Ctrl  Length Roughness
  -----------------------------------------------------------------------------------------------------
  1                       1.00   0.00  0.00  0.00  1.00  0.00  0.00  0.00  0.00  0.00  1000.00    0.0200
  2                       1.00   0.00  0.00  0.00  1.00  0.00  0.00  0.00  0.00  0.00  1000.00    0.0200
  3                       1.00   0.00  0.00  0.00  1.00  0.00  0.00  0.00  0.00  0.00  1000.00    0.0200
  4                       1.00   0.01  0.00  0.00  0.99  0.00  0.00  0.00  0.00  0.00  1000.00    0.0200
  5                       1.00   0.01  0.00  0.00  0.99  0.00  0.00  0.00  0.00  0.00  1000.00    0.0200

  

  *****************************
    Conduit Surcharge Summary
  *****************************

  ----------------------------------------------------------------------------
                                                           Hours        Hours 
                         --------- Hours Full --------   Above Full   Capacity
  Conduit                Both Ends  Upstream  Dnstream   Normal Flow   Limited
  ----------------------------------------------------------------------------
  1                           3.83      3.83      4.07      0.00         0.00
  2                           5.21      5.72      5.21      5.76         5.21
  4                           0.00      5.33      0.00      5.49         0.00

  
  

  **************************
    Innovyze License Check
  **************************

  Quick license check successful


  *************************
    System Resource Usage
  *************************

  Threads available      = 8
  Threads requested      = 1
  Threads used           = 1
  Virtual memory         = 7.1 MB
  Physical memory        = 12.7 MB
  Peak physical memory*  = 29.4 MB   (*Note: not accurate for multi-inp processes)
  Total CPU time         = 0.0 s
  Elapsed clock time     = 0.1 s
  Ratio CPU/clock        = 0.1


  Analysis begun on:  Fri Nov 29 17:24:05 2019
  Analysis ended on:  Fri Nov 29 17:24:05 2019
  Total elapsed time: < 1 sec