
  ---------------------------------------------------------------------
    Innovyze Storm Water Management Model
  ---------------------------------------------------------------------

  ---------------------------------------------------------------------

  Version                        = 0.2.17.0
  Platform                       = 64-bit (x64)
  Build date                     = 28/11/2019
  Copyright                      = Copyright (c) 2019 Innovyze
  Computer name                  = REMOL9CTW0N2
  Architecture                   = 64-bit
  CPU Type                       = Intel(R) Xeon(R) CPU E3-1535M v6 @ 3.10GHz
  Number of Cores                = 8
  RAM (GB)                       = 32
  ---------------------------------------------------------------------

  

  **************************
    Innovyze License Check
  **************************

  License mode            : N
  License dongle settings : DongleType=6,NetworkDongleAddress=,NetworkDongleKeyID=,DemoMode=0
  License settings        : Soft local
  License serial number   : WS98760081PM
  License name            : Innovyze
  

  
  *************************************************************
    NOTE: The summary statistics displayed in this report are
    based on results found at every computational time step,  
    not just on results from each reporting time step.
  *************************************************************

  ********************
    Analysis Options
  ********************

  Flow Units ............... CFS
  Process Models:
    Rainfall/Runoff ........ YES
    RDII ................... NO
    Snowmelt ............... NO
    Groundwater ............ YES
    Flow Routing ........... NO
    Water Quality .......... NO
  Infiltration Method ...... HORTON

  Surcharge Method ......... EXTRAN
  Starting Date ............ 09/13/2014 00:00:00
  Ending Date .............. 09/15/2014 00:00:00
  Antecedent Dry Days ...... 0.0
  Report Time Step ......... 00:15:00
  Wet Time Step ............ 00:05:00
  Dry Time Step ............ 00:05:00

  
  
  **************************        Volume         Depth
  Runoff Quantity Continuity     acre-feet        inches
  **************************     ---------       -------
  Total Precipitation ......         0.833         2.000
  Evaporation Loss .........         0.000         0.000
  Infiltration Loss ........         0.580         1.391
  Surface Runoff ...........         0.254         0.609
  Final Surface Storage ....         0.000         0.000
  Continuity Error (%) .....        -0.007
  
  
  **************************        Volume         Depth
  Groundwater Continuity         acre-feet        inches
  **************************     ---------       -------
  Initial Storage ..........        13.750        33.000
  Infiltration .............         0.580         1.391
  Upper Zone ET ............         0.000         0.000
  Lower Zone ET ............         0.000         0.000
  Deep Percolation .........         0.029         0.070
  Groundwater Flow .........         0.762         1.830
  Final Storage ............        13.539        32.493
  Continuity Error (%) .....        -0.004
  
  
  **************************        Volume        Volume
  Flow Routing Continuity        acre-feet      10^6 gal
  **************************     ---------     ---------
  Dry Weather Inflow .......         0.000         0.000
  Wet Weather Inflow .......         0.254         0.083
  Groundwater Inflow .......         0.762         0.248
  RDII Inflow ..............         0.000         0.000
  External Inflow ..........         0.000         0.000
  External Outflow .........         1.015         0.331
  Internal Outflow .........         0.000         0.000
  Evaporation Loss .........         0.000         0.000
  Exfiltration Loss ........         0.000         0.000
  Initial Stored Volume ....         0.000         0.000
  Final Stored Volume ......         0.000         0.000
  Continuity Error (%) .....         0.000
  
  *******************************
    Subcatchment Runoff Summary
  *******************************

  ------------------------------------------------------------------------------------------------------------------------------
                            Total      Total      Total      Total     Imperv       Perv      Total       Total     Peak  Runoff
                           Precip      Runon       Evap      Infil     Runoff     Runoff     Runoff      Runoff   Runoff   Coeff
  Subcatchment                 in         in         in         in         in         in         in    10^6 gal      CFS
  ------------------------------------------------------------------------------------------------------------------------------
  1                          2.00       0.00       0.00       1.39       0.00       0.61       0.61        0.08     0.96   0.304

  

  ***********************
    Groundwater Summary
  ***********************

  -----------------------------------------------------------------------------------------------------
                                            Total    Total  Maximum  Average  Average    Final    Final
                          Total    Total    Lower  Lateral  Lateral    Upper    Water    Upper    Water
                          Infil     Evap  Seepage  Outflow  Outflow   Moist.    Table   Moist.    Table
  Subcatchment               in       in       in       in      CFS                ft                ft
  -----------------------------------------------------------------------------------------------------
  1                        1.39     0.00     0.07     1.83     0.28     0.37     4.35     0.33     4.32

  
  

  **************************
    Innovyze License Check
  **************************

  Quick license check successful


  *************************
    System Resource Usage
  *************************

  Threads available      = 8
  Threads requested      = 1
  Threads used           = 1
  Virtual memory         = 7.5 MB
  Physical memory        = 12.9 MB
  Peak physical memory*  = 29.4 MB   (*Note: not accurate for multi-inp processes)
  Total CPU time         = 0.0 s
  Elapsed clock time     = 0.0 s
  Ratio CPU/clock        = 0.0


  Analysis begun on:  Fri Nov 29 17:24:06 2019
  Analysis ended on:  Fri Nov 29 17:24:06 2019
  Total elapsed time: < 1 sec