
  ---------------------------------------------------------------------
    Innovyze Storm Water Management Model
  ---------------------------------------------------------------------

  ---------------------------------------------------------------------

  Version                        = 0.2.17.0
  Platform                       = 64-bit (x64)
  Build date                     = 28/11/2019
  Copyright                      = Copyright (c) 2019 Innovyze
  Computer name                  = REMOL9CTW0N2
  Architecture                   = 64-bit
  CPU Type                       = Intel(R) Xeon(R) CPU E3-1535M v6 @ 3.10GHz
  Number of Cores                = 8
  RAM (GB)                       = 32
  ---------------------------------------------------------------------

  

  **************************
    Innovyze License Check
  **************************

  License mode            : N
  License dongle settings : DongleType=6,NetworkDongleAddress=,NetworkDongleKeyID=,DemoMode=0
  License settings        : Soft local
  License serial number   : WS98760081PM
  License name            : Innovyze
  

  
  *************************************************************
    NOTE: The summary statistics displayed in this report are
    based on results found at every computational time step,  
    not just on results from each reporting time step.
  *************************************************************

  ********************
    Analysis Options
  ********************

  Flow Units ............... CFS
  Process Models:
    Rainfall/Runoff ........ NO
    RDII ................... NO
    Snowmelt ............... NO
    Groundwater ............ NO
    Flow Routing ........... YES
    Ponding Allowed ........ NO
    Water Quality .......... NO
  Flow Routing Method ...... DYNWAVE

  Surcharge Method ......... EXTRAN
  Starting Date ............ 01/01/1988 00:00:00
  Ending Date .............. 01/02/1988 00:00:00
  Antecedent Dry Days ...... 0.0
  Report Time Step ......... 00:01:00
  Routing Time Step ........ 10.00 sec
  Variable Time Step ....... YES
  Maximum Trials ........... 8
  Head Tolerance ........... 0.005000 ft

  
  
  **************************        Volume        Volume
  Flow Routing Continuity        acre-feet      10^6 gal
  **************************     ---------     ---------
  Dry Weather Inflow .......         0.000         0.000
  Wet Weather Inflow .......         0.000         0.000
  Groundwater Inflow .......         0.000         0.000
  RDII Inflow ..............         0.000         0.000
  External Inflow ..........       279.439        91.059
  External Outflow .........       280.961        91.555
  Internal Outflow .........         0.000         0.000
  Evaporation Loss .........         0.000         0.000
  Exfiltration Loss ........         0.000         0.000
  Initial Stored Volume ....         6.313         2.057
  Final Stored Volume ......         5.020         1.636
  Continuity Error (%) .....        -0.080
  

  *****************************
    Highest Continuity Errors
  *****************************

  Node 5                                     -0.23%    -0.2123
  Node 4                                     -0.16%    -0.1463
  Node 3                                     -0.10%    -0.0926
  Node 2                                     -0.05%    -0.0447
                                                       -0.4959 Mgal


  
  *******************************
    Time-Step Critical Elements
  *******************************

  Link 5 (0.00%)
  Link 4 (0.00%)
  Link 3 (0.00%)
  Link 2 (0.00%)
  Link 1 (0.00%)
  Node 6 (0.00%)
  Node 1 (0.00%)
  Node 5 (0.00%)
  Node 4 (0.00%)
  Node 3 (0.00%)
  Node 2 (0.00%)


  
  ************************************
    Highest Flow Instability Indexes
  ************************************

  Link 3 (0)
  Link 4 (0)
  Link 2 (0)
  Link 1 (0)
  Link 5 (0)



  *****************************
    Routing Time Step Summary
  *****************************

  Minimum Time Step           :     9.50 sec
  Average Time Step           :    10.00 sec
  Maximum Time Step           :    10.00 sec
  Percent in Steady State     :     0.00
  Average Iterations per Step :     2.00
  Percent Not Converging      :     0.00
  Total Steps                 :     8641
  Total Iterations            :    17282


  

  **********************
    Node Depth Summary
  **********************

  ----------------------------------------------------------------------------------------------
                                 Average  Maximum  Maximum  Time of Max    Reported  Time of Max
                                   Depth    Depth  Run HGL   Occurrence   Max Depth   Occurrence
  Node                 Type         Feet     Feet     Feet  days hr:min        Feet  days hr:min
  ----------------------------------------------------------------------------------------------
  2                    JUNCTION     4.42     5.50   180.00     0  00:00      180.00     0  00:00
  3                    JUNCTION     4.31     6.00   180.00     0  00:00      180.00     0  00:00
  4                    JUNCTION     4.13     6.50   180.00     0  00:00      180.00     0  00:00
  5                    JUNCTION     3.82     7.00   180.00     0  00:00      180.00     0  00:00
  1                    OUTFALL      4.50     5.00   180.00     0  12:00      180.00     0  00:00
  6                    OUTFALL      1.83     2.83   175.33     0  00:01      175.33     0  00:00

  

  ***********************
    Node Inflow Summary
  ***********************

  ------------------------------------------------------------------------------------------------------
                                  Maximum  Maximum                  Lateral       Total        Flow
                                  Lateral    Total  Time of Max      Inflow      Inflow     Balance
                                   Inflow   Inflow   Occurrence      Volume      Volume       Error
  Node                 Type           CFS      CFS  days hr:min    10^6 gal    10^6 gal    10^6 gal or %
  ------------------------------------------------------------------------------------------------------
  2                    JUNCTION      0.00   167.54     0  00:09           0        91.1      -0.049 %
  3                    JUNCTION      0.00   164.96     0  00:10           0        91.1      -0.102 %
  4                    JUNCTION      0.00   164.48     0  12:04           0        91.2      -0.160 %
  5                    JUNCTION      0.00   188.67     0  00:03           0        91.3      -0.232 %
  1                    OUTFALL       0.00   167.54     0  00:09           0        91.1       0.000 %
  6                    OUTFALL       0.00   270.18     0  00:01           0        91.5       0.000 %

  

  **************************
    Node Surcharge Summary
  **************************


  No nodes were surcharged.
  

  *************************
    Node Flooding Summary
  *************************

  No nodes were flooded.
  

  ***************************
    Outfall Loading Summary
  ***************************

  -----------------------------------------------------------
                         Flow       Avg       Max       Total
                         Freq      Flow      Flow      Volume
  Outfall Node           Pcnt       CFS       CFS    10^6 gal
  -----------------------------------------------------------
  1                     99.99    140.90    167.54      91.053
  6                    100.00    141.65    270.18      91.548
  -----------------------------------------------------------
  System                99.99    282.55    270.18     182.601

  

  *********************
    Link Flow Summary
  *********************

  --------------------------------------------------------------------------------------------------------------------------------------------------
                                     Maximum  Time of Max        Maximum  Time of Max    Max/   Maximum  Time of Max    Max/  Time of Max    Maximum
                                  |Run Flow|   Occurrence  |Output Flow|   Occurrence    Full   |Veloc|   Occurrence    Full   Occurrence  Top Width
  Link                 Type              CFS  days hr:min            CFS  days hr:min    Flow    ft/sec  days hr:min   Depth  days hr:min         ft
  --------------------------------------------------------------------------------------------------------------------------------------------------
  1                    CONDUIT        167.54     0  00:09           0.00     0  00:00    0.43      3.44     0  00:09    0.44     0  00:00
  2                    CONDUIT        164.96     0  00:10           0.00     0  00:00    0.42      3.47     0  00:10    0.48     0  00:00
  3                    CONDUIT        164.48     0  12:04           0.00     0  00:00    0.42      3.58     0  00:12    0.52     0  00:00
  4                    CONDUIT        188.67     0  00:03           0.00     0  00:00    0.48      3.86     0  00:03    0.56     0  00:00
  5                    CONDUIT        270.18     0  00:01           0.00     0  00:00    0.69      6.37     0  00:01    0.38     0  00:00

  

  *******************************
    Flow Classification Summary
  *******************************

  -----------------------------------------------------------------------------------------------------
                      Adjusted    ---------- Fraction of Time in Flow Class ---------------------------
                       /Actual         Up    Down  Sub   Sup   Up    Down  Norm  Inlet New    New
  Conduit               Length    Dry  Dry   Dry   Crit  Crit  Crit  Crit  Ltd   Ctrl  Length Roughness
  -----------------------------------------------------------------------------------------------------
  1                       1.00   0.00  0.00  0.00  1.00  0.00  0.00  0.00  0.00  0.00  1000.00    0.0200
  2                       1.00   0.00  0.00  0.00  1.00  0.00  0.00  0.00  0.00  0.00  1000.00    0.0200
  3                       1.00   0.00  0.00  0.00  1.00  0.00  0.00  0.00  0.00  0.00  1000.00    0.0200
  4                       1.00   0.00  0.00  0.00  1.00  0.00  0.00  0.00  0.00  0.00  1000.00    0.0200
  5                       1.00   0.00  0.00  0.00  1.00  0.00  0.00  0.00  0.00  0.00  1000.00    0.0200

  

  *****************************
    Conduit Surcharge Summary
  *****************************

  No conduits were surcharged.

  
  

  **************************
    Innovyze License Check
  **************************

  Quick license check successful


  *************************
    System Resource Usage
  *************************

  Threads available      = 8
  Threads requested      = 1
  Threads used           = 1
  Virtual memory         = 8.0 MB
  Physical memory        = 13.1 MB
  Peak physical memory*  = 29.4 MB   (*Note: not accurate for multi-inp processes)
  Total CPU time         = 0.0 s
  Elapsed clock time     = 0.0 s
  Ratio CPU/clock        = 0.1


  Analysis begun on:  Fri Nov 29 17:30:46 2019
  Analysis ended on:  Fri Nov 29 17:30:46 2019
  Total elapsed time: < 1 sec