

*********************************************
* Binary File Comparison Statistics Section *
*********************************************

   Flog.file                                                C:\Xing_Test_Programs\XPSWMM\CollapsingWeir.inp.log
   FoutCompare.file                                         C:\Xing_Test_Programs\XPSWMM\CollapsingWeir.inp.out
   Fout.file                                                C:\Xing_Test_Programs\XPSWMM\CollapsingWeir.inp.out

   Fout.file Version                                        51013
   Fout.file MagicNumber                                    516114522
   Fout.file Flow units                                     0
   Fout.file Report Step                                    900
   Fout.file Nperiods                                       0
   Fout.file Starting file position of ID names             28
   Fout.file Starting file position of input data           1928
   Fout.file Starting file position of output data          4264
   Fout.file number of bytes per time period                3232
   Fout.file Number of subcatchment output variables        8
   Fout.file Number of node output variables                6
   Fout.file Number of link output variables                5
   Fout.file Number of subcatchments reported on            14
   Fout.file Number of nodes reported on                    54
   Fout.file Number of links reported on                    71
   Fout.file Number of pollutants reported on               0